#
# A fatal error has been detected by the Java Runtime Environment:
#
#  SIGBUS (0x7) at pc=0x00007f24251feba0, pid=1, tid=0x00007f2390eb0700
#
# JRE version: OpenJDK Runtime Environment (8.0_312-b07) (build 1.8.0_312-b07)
# Java VM: OpenJDK 64-Bit Server VM (25.312-b07 mixed mode linux-amd64 compressed oops)
# Problematic frame:
# C  [libzip.so+0x11ba0]  newEntry.isra.4+0x60
#
# Core dump written. Default location: /home/container/core or core.1
#
# If you would like to submit a bug report, please visit:
#   https://github.com/adoptium/adoptium-support/issues
# The crash happened outside the Java Virtual Machine in native code.
# See problematic frame for where to report the bug.
#

---------------  T H R E A D  ---------------

Current thread (0x00007f24207ae800):  JavaThread "Server thread" [_thread_in_native, id=75, stack(0x00007f2390db0000,0x00007f2390eb1000)]

siginfo: si_signo: 7 (SIGBUS), si_code: 2 (BUS_ADRERR), si_addr: 0x00007f23e0075d9e

Registers:
RAX=0x00007f235db804a0, RBX=0x00007f235c199ee0, RCX=0x00007f235c0008d6, RDX=0x0000000000000001
RSP=0x00007f2390ead420, RBP=0x00007f2390ead490, RSI=0x00007f235db80700, RDI=0x0000000000000048
R8 =0x00007f235db804a0, R9 =0x0000000000000034, R10=0x00007f24111e2ee8, R11=0x0000000000000009
R12=0x0000000000000d80, R13=0x0000000076c24bf3, R14=0x00007f235db804a0, R15=0x00007f23e0075d80
RIP=0x00007f24251feba0, EFLAGS=0x0000000000010202, CSGSFS=0x002b000000000033, ERR=0x0000000000000004
  TRAPNO=0x000000000000000e

Top of Stack: (sp=0x00007f2390ead420)
0x00007f2390ead420:   00007f2452df8720 00007f2390ead4c0
0x00007f2390ead430:   00000000911822e8 00007f24263ceb51
0x00007f2390ead440:   0000000000000034 0000000000000034
0x00007f2390ead450:   00007f2390ead470 00000000263ceb51
0x00007f2390ead460:   0000000000000034 00007f235c19a730
0x00007f2390ead470:   0000000000000034 0000000076c24bf3
0x00007f2390ead480:   00007f235c199ee0 00007f235c185d60
0x00007f2390ead490:   00007f2390ead4e0 00007f24251ff88e
0x00007f2390ead4a0:   01007f2400000034 00007f2390ead500
0x00007f2390ead4b0:   00007f2390ead4e0 0000000000000034
0x00007f2390ead4c0:   00007f24207aea50 00007f2390ead958
0x00007f2390ead4d0:   00007f2390ead500 00007f235c199ee0
0x00007f2390ead4e0:   00007f2390ead940 00007f24251f0895
0x00007f2390ead4f0:   616d67756c70796d 442f6e6900000001
0x00007f2390ead500:   7469746e652f656d 6d75642f33303379
0x00007f2390ead510:   616d67756c70796d 442f6e69616d2f6e
0x00007f2390ead520:   67756c50796d6d75 632e30314c6e616d
0x00007f2390ead530:   000000007373616c 0000000000000000
0x00007f2390ead540:   0000000000000000 0000003000000000
0x00007f2390ead550:   ffffffffffffffff 0000000000000000
0x00007f2390ead560:   0000000000000001 0000000000000000
0x00007f2390ead570:   ffffffff00000000 00007f242665a3aa
0x00007f2390ead580:   00007f2300000000 00007f2300000000
0x00007f2390ead590:   0000000000000000 0000000000000041
0x00007f2390ead5a0:   00007f2400000041 0000000000000000
0x00007f2390ead5b0:   00007f2426cf28a0 0000000000000d68
0x00007f2390ead5c0:   0000000000000000 00007f242665a3a9
0x00007f2390ead5d0:   00007f2426cf28a0 0000000000000d68
0x00007f2390ead5e0:   0000000000000000 00007f242664365e
0x00007f2390ead5f0:   0000000000000075 00007f2426b80166
0x00007f2390ead600:   75746e6950678548 00007f24263ce152
0x00007f2390ead610:   00000000632f7465 00007f23911673f0 

Instructions: (pc=0x00007f24251feba0)
0x00007f24251feb80:   00 00 00 48 c7 40 28 00 00 00 00 4d 8b 24 24 0f
0x00007f24251feb90:   84 1b 01 00 00 4c 2b 63 28 4c 8b 7b 18 4d 01 e7
0x00007f24251feba0:   41 0f b7 47 1e 45 0f b7 6f 1c 45 31 e4 66 89 45
0x00007f24251febb0:   ca 41 0f b7 47 20 44 89 ea 66 89 45 c8 41 8b 47 

Register to memory mapping:

RAX=0x00007f235db804a0 is an unknown value
RBX=0x00007f235c199ee0 is an unknown value
RCX=0x00007f235c0008d6 is an unknown value
RDX=0x0000000000000001 is an unknown value
RSP=0x00007f2390ead420 is pointing into the stack for thread: 0x00007f24207ae800
RBP=0x00007f2390ead490 is pointing into the stack for thread: 0x00007f24207ae800
RSI=0x00007f235db80700 is an unknown value
RDI=0x0000000000000048 is an unknown value
R8 =0x00007f235db804a0 is an unknown value
R9 =0x0000000000000034 is an unknown value
R10=0x00007f24111e2ee8 is at entry_point+104 in (nmethod*)0x00007f24111e2d10
R11=0x0000000000000009 is an unknown value
R12=0x0000000000000d80 is an unknown value
R13=0x0000000076c24bf3 is an unknown value
R14=0x00007f235db804a0 is an unknown value
R15=0x00007f23e0075d80 is an unknown value


Stack: [0x00007f2390db0000,0x00007f2390eb1000],  sp=0x00007f2390ead420,  free space=1013k
Native frames: (J=compiled Java code, j=interpreted, Vv=VM code, C=native code)
C  [libzip.so+0x11ba0]  newEntry.isra.4+0x60
C  [libzip.so+0x1288e]  ZIP_GetEntry2+0xde
C  [libzip.so+0x3895]  Java_java_util_zip_ZipFile_getEntry+0x85
J 430  java.util.zip.ZipFile.getEntry(J[BZ)J (0 bytes) @ 0x00007f24111e2f5e [0x00007f24111e2e80+0xde]
J 1734 C2 sun.misc.URLClassPath$JarLoader.getResource(Ljava/lang/String;Z)Lsun/misc/Resource; (85 bytes) @ 0x00007f24115a15bc [0x00007f24115a1000+0x5bc]
J 5058 C2 java.net.URLClassLoader$1.run()Ljava/lang/Object; (5 bytes) @ 0x00007f24118b8864 [0x00007f24118b8260+0x604]
v  ~StubRoutines::call_stub
V  [libjvm.so+0x694f8a]  JavaCalls::call_helper(JavaValue*, methodHandle*, JavaCallArguments*, Thread*)+0xe1a
V  [libjvm.so+0x743513]  JVM_DoPrivileged+0x553
J 434  java.security.AccessController.doPrivileged(Ljava/security/PrivilegedExceptionAction;Ljava/security/AccessControlContext;)Ljava/lang/Object; (0 bytes) @ 0x00007f24111e4065 [0x00007f24111e3f80+0xe5]
J 5218 C2 org.bukkit.plugin.java.PluginClassLoader.findClass(Ljava/lang/String;Z)Ljava/lang/Class; (95 bytes) @ 0x00007f24116281b0 [0x00007f24116266a0+0x1b10]
J 2406 C1 org.bukkit.plugin.java.PluginClassLoader.findClass(Ljava/lang/String;)Ljava/lang/Class; (7 bytes) @ 0x00007f24117a20c4 [0x00007f24117a1fc0+0x104]
J 5211 C2 java.lang.ClassLoader.loadClass(Ljava/lang/String;Z)Ljava/lang/Class; (122 bytes) @ 0x00007f2411277d64 [0x00007f2411277940+0x424]
J 3799 C2 java.lang.ClassLoader.loadClass(Ljava/lang/String;)Ljava/lang/Class; (7 bytes) @ 0x00007f2411c6aee0 [0x00007f2411c6aea0+0x40]
v  ~StubRoutines::call_stub
V  [libjvm.so+0x694f8a]  JavaCalls::call_helper(JavaValue*, methodHandle*, JavaCallArguments*, Thread*)+0xe1a
V  [libjvm.so+0x692643]  JavaCalls::call_virtual(JavaValue*, KlassHandle, Symbol*, Symbol*, JavaCallArguments*, Thread*)+0x263
V  [libjvm.so+0x692c94]  JavaCalls::call_virtual(JavaValue*, Handle, KlassHandle, Symbol*, Symbol*, Handle, Thread*)+0x64
V  [libjvm.so+0xaa04f4]  SystemDictionary::load_instance_class(Symbol*, Handle, Thread*)+0x2c4
V  [libjvm.so+0xaa0ff1]  SystemDictionary::resolve_instance_class_or_null(Symbol*, Handle, Handle, Thread*)+0xa11
V  [libjvm.so+0xaa3289]  SystemDictionary::resolve_or_fail(Symbol*, Handle, Handle, bool, Thread*)+0x49
V  [libjvm.so+0x4d2c38]  ConstantPool::klass_at_impl(constantPoolHandle, int, Thread*)+0x328
V  [libjvm.so+0x681193]  InterpreterRuntime::_new(JavaThread*, ConstantPool*, int)+0xa3
j  me.entity303.dummyplugman.main.DummyPlugman.onEnable()V+0
j  org.bukkit.plugin.java.JavaPlugin.setEnabled(Z)V+21
j  org.bukkit.plugin.java.JavaPluginLoader.enablePlugin(Lorg/bukkit/plugin/Plugin;)V+99
j  org.bukkit.plugin.SimplePluginManager.enablePlugin(Lorg/bukkit/plugin/Plugin;)V+47
j  org.bukkit.craftbukkit.v1_8_R3.CraftServer.loadPlugin(Lorg/bukkit/plugin/Plugin;)V+5
j  org.bukkit.craftbukkit.v1_8_R3.CraftServer.enablePlugins(Lorg/bukkit/plugin/PluginLoadOrder;)V+74
j  net.minecraft.server.v1_8_R3.MinecraftServer.s()V+17
j  net.minecraft.server.v1_8_R3.MinecraftServer.k()V+289
j  net.minecraft.server.v1_8_R3.MinecraftServer.a(Ljava/lang/String;Ljava/lang/String;JLnet/minecraft/server/v1_8_R3/WorldType;Ljava/lang/String;)V+1101
j  net.minecraft.server.v1_8_R3.DedicatedServer.init()Z+1349
j  net.minecraft.server.v1_8_R3.MinecraftServer.run()V+1
j  java.lang.Thread.run()V+11
v  ~StubRoutines::call_stub
V  [libjvm.so+0x694f8a]  JavaCalls::call_helper(JavaValue*, methodHandle*, JavaCallArguments*, Thread*)+0xe1a
V  [libjvm.so+0x692643]  JavaCalls::call_virtual(JavaValue*, KlassHandle, Symbol*, Symbol*, JavaCallArguments*, Thread*)+0x263
V  [libjvm.so+0x692c17]  JavaCalls::call_virtual(JavaValue*, Handle, KlassHandle, Symbol*, Symbol*, Thread*)+0x57
V  [libjvm.so+0x734d2c]  thread_entry(JavaThread*, Thread*)+0x6c
V  [libjvm.so+0xacf807]  JavaThread::thread_main_inner()+0x1c7
V  [libjvm.so+0xad0b5a]  JavaThread::run()+0x2fa
V  [libjvm.so+0x95e4e2]  java_start(Thread*)+0x102
C  [libpthread.so.0+0x9609]  start_thread+0xd9

Java frames: (J=compiled Java code, j=interpreted, Vv=VM code)
J 430  java.util.zip.ZipFile.getEntry(J[BZ)J (0 bytes) @ 0x00007f24111e2ee8 [0x00007f24111e2e80+0x68]
J 1734 C2 sun.misc.URLClassPath$JarLoader.getResource(Ljava/lang/String;Z)Lsun/misc/Resource; (85 bytes) @ 0x00007f24115a15bc [0x00007f24115a1000+0x5bc]
J 5058 C2 java.net.URLClassLoader$1.run()Ljava/lang/Object; (5 bytes) @ 0x00007f24118b8864 [0x00007f24118b8260+0x604]
v  ~StubRoutines::call_stub
J 434  java.security.AccessController.doPrivileged(Ljava/security/PrivilegedExceptionAction;Ljava/security/AccessControlContext;)Ljava/lang/Object; (0 bytes) @ 0x00007f24111e3ff3 [0x00007f24111e3f80+0x73]
J 5218 C2 org.bukkit.plugin.java.PluginClassLoader.findClass(Ljava/lang/String;Z)Ljava/lang/Class; (95 bytes) @ 0x00007f24116281b0 [0x00007f24116266a0+0x1b10]
J 2406 C1 org.bukkit.plugin.java.PluginClassLoader.findClass(Ljava/lang/String;)Ljava/lang/Class; (7 bytes) @ 0x00007f24117a20c4 [0x00007f24117a1fc0+0x104]
J 5211 C2 java.lang.ClassLoader.loadClass(Ljava/lang/String;Z)Ljava/lang/Class; (122 bytes) @ 0x00007f2411277d64 [0x00007f2411277940+0x424]
J 3799 C2 java.lang.ClassLoader.loadClass(Ljava/lang/String;)Ljava/lang/Class; (7 bytes) @ 0x00007f2411c6aee0 [0x00007f2411c6aea0+0x40]
v  ~StubRoutines::call_stub
j  me.entity303.dummyplugman.main.DummyPlugman.onEnable()V+0
j  org.bukkit.plugin.java.JavaPlugin.setEnabled(Z)V+21
j  org.bukkit.plugin.java.JavaPluginLoader.enablePlugin(Lorg/bukkit/plugin/Plugin;)V+99
j  org.bukkit.plugin.SimplePluginManager.enablePlugin(Lorg/bukkit/plugin/Plugin;)V+47
j  org.bukkit.craftbukkit.v1_8_R3.CraftServer.loadPlugin(Lorg/bukkit/plugin/Plugin;)V+5
j  org.bukkit.craftbukkit.v1_8_R3.CraftServer.enablePlugins(Lorg/bukkit/plugin/PluginLoadOrder;)V+74
j  net.minecraft.server.v1_8_R3.MinecraftServer.s()V+17
j  net.minecraft.server.v1_8_R3.MinecraftServer.k()V+289
j  net.minecraft.server.v1_8_R3.MinecraftServer.a(Ljava/lang/String;Ljava/lang/String;JLnet/minecraft/server/v1_8_R3/WorldType;Ljava/lang/String;)V+1101
j  net.minecraft.server.v1_8_R3.DedicatedServer.init()Z+1349
j  net.minecraft.server.v1_8_R3.MinecraftServer.run()V+1
j  java.lang.Thread.run()V+11
v  ~StubRoutines::call_stub

---------------  P R O C E S S  ---------------

Java Threads: ( => current thread )
  0x00007f235db85800 JavaThread "Thread-15" [_thread_in_native, id=123, stack(0x00007f2307eff000,0x00007f2308000000)]
  0x00007f22c0003000 JavaThread "Keep-Alive-Timer" daemon [_thread_blocked, id=122, stack(0x00007f23502ce000,0x00007f23503cf000)]
  0x00007f235db7d000 JavaThread "placeholderapi-io-#0" [_thread_in_Java, id=121, stack(0x00007f23503cf000,0x00007f23504d0000)]
  0x00007f235db40000 JavaThread "bStats-Metrics" [_thread_blocked, id=120, stack(0x00007f23504d0000,0x00007f23505d1000)]
  0x00007f235e695800 JavaThread "Timer-1" [_thread_blocked, id=119, stack(0x00007f23507d1000,0x00007f23508d2000)]
  0x00007f22d0002800 JavaThread "H2-save" daemon [_thread_blocked, id=118, stack(0x00007f23508d2000,0x00007f23509d3000)]
  0x00007f22dc004000 JavaThread "H2-serialization" daemon [_thread_blocked, id=117, stack(0x00007f2350bd3000,0x00007f2350cd4000)]
  0x00007f235d08d000 JavaThread "MVStore background writer /home/container/plugins/LuckPerms/luckperms-h2-v2.mv.db" daemon [_thread_blocked, id=113, stack(0x00007f23512d4000,0x00007f23513d5000)]
  0x00007f235cf67800 JavaThread "Thread-11" daemon [_thread_in_native, id=112, stack(0x00007f2351ee6000,0x00007f2351fe7000)]
  0x00007f235ce6e000 JavaThread "Timer-0" daemon [_thread_blocked, id=111, stack(0x00007f23521e7000,0x00007f23522e8000)]
  0x00007f235cd2f000 JavaThread "Thread-8" [_thread_blocked, id=109, stack(0x00007f23522e8000,0x00007f23523e9000)]
  0x00007f235cc28800 JavaThread "luckperms-scheduler" [_thread_blocked, id=107, stack(0x00007f23523e9000,0x00007f23524ea000)]
  0x00007f22f0001000 JavaThread "luckperms-worker-8" daemon [_thread_blocked, id=106, stack(0x00007f23524ea000,0x00007f23525eb000)]
  0x00007f22fc001000 JavaThread "luckperms-worker-7" daemon [_thread_blocked, id=105, stack(0x00007f23525eb000,0x00007f23526ec000)]
  0x00007f2300001000 JavaThread "luckperms-worker-6" daemon [_thread_blocked, id=104, stack(0x00007f23526ec000,0x00007f23527ed000)]
  0x00007f22f8001000 JavaThread "luckperms-worker-5" daemon [_thread_blocked, id=103, stack(0x00007f23527ed000,0x00007f23528ee000)]
  0x00007f230c001000 JavaThread "luckperms-worker-4" daemon [_thread_blocked, id=102, stack(0x00007f23528ee000,0x00007f23529ef000)]
  0x00007f2308001000 JavaThread "luckperms-worker-3" daemon [_thread_blocked, id=101, stack(0x00007f23529ef000,0x00007f2352af0000)]
  0x00007f2314001000 JavaThread "luckperms-worker-2" daemon [_thread_blocked, id=100, stack(0x00007f2352af0000,0x00007f2352bf1000)]
  0x00007f235cbc6000 JavaThread "luckperms-worker-1" daemon [_thread_blocked, id=99, stack(0x00007f2352bf1000,0x00007f2352cf2000)]
  0x00007f235cbc1000 JavaThread "luckperms-worker-0" daemon [_thread_blocked, id=98, stack(0x00007f2352cf2000,0x00007f2352df3000)]
  0x00007f235c955000 JavaThread "Via-Mappingloader-11" [_thread_blocked, id=95, stack(0x00007f23535f3000,0x00007f23536f4000)]
  0x00007f235c94c000 JavaThread "Via-Mappingloader-10" [_thread_blocked, id=94, stack(0x00007f23536f4000,0x00007f23537f5000)]
  0x00007f235c940800 JavaThread "Via-Mappingloader-9" [_thread_blocked, id=93, stack(0x00007f23537f5000,0x00007f23538f6000)]
  0x00007f235c92e000 JavaThread "Via-Mappingloader-8" [_thread_blocked, id=92, stack(0x00007f23538f6000,0x00007f23539f7000)]
  0x00007f235c916800 JavaThread "Via-Mappingloader-7" [_thread_blocked, id=91, stack(0x00007f239234c000,0x00007f239244d000)]
  0x00007f235c908800 JavaThread "Via-Mappingloader-6" [_thread_blocked, id=90, stack(0x00007f239244d000,0x00007f239254e000)]
  0x00007f235c8fb000 JavaThread "Via-Mappingloader-5" [_thread_blocked, id=89, stack(0x00007f239274e000,0x00007f239284f000)]
  0x00007f235c8f4800 JavaThread "Via-Mappingloader-4" [_thread_blocked, id=88, stack(0x00007f239284f000,0x00007f2392950000)]
  0x00007f235c8e5000 JavaThread "Via-Mappingloader-3" [_thread_blocked, id=87, stack(0x00007f2392950000,0x00007f2392a51000)]
  0x00007f235c8d9000 JavaThread "Via-Mappingloader-2" [_thread_blocked, id=86, stack(0x00007f2392a51000,0x00007f2392b52000)]
  0x00007f235c8c1800 JavaThread "Via-Mappingloader-1" [_thread_blocked, id=85, stack(0x00007f2392b52000,0x00007f2392c53000)]
  0x00007f235c89f800 JavaThread "Via-Mappingloader-0" [_thread_blocked, id=84, stack(0x00007f2392e53000,0x00007f2392f54000)]
  0x00007f235c130000 JavaThread "Netty Epoll Server IO #0" daemon [_thread_in_native, id=83, stack(0x00007f2353bf7000,0x00007f2353cf8000)]
  0x00007f235c0ef800 JavaThread "Spigot Metrics Thread" daemon [_thread_blocked, id=81, stack(0x00007f2353eff000,0x00007f2354000000)]
  0x00007f235c0eb000 JavaThread "PaperSpigot Watchdog Thread" [_thread_blocked, id=80, stack(0x00007f23900d7000,0x00007f23901d8000)]
  0x00007f235c0c1800 JavaThread "Java2D Disposer" daemon [_thread_blocked, id=78, stack(0x00007f23903d8000,0x00007f23904d9000)]
  0x00007f235c003800 JavaThread "Server console handler" daemon [_thread_in_native, id=77, stack(0x00007f2390bae000,0x00007f2390caf000)]
  0x00007f235c002800 JavaThread "Thread-4" [_thread_blocked, id=76, stack(0x00007f2390caf000,0x00007f2390db0000)]
  0x00007f242000a000 JavaThread "DestroyJavaVM" [_thread_blocked, id=37, stack(0x00007f242586e000,0x00007f242596e000)]
=>0x00007f24207ae800 JavaThread "Server thread" [_thread_in_native, id=75, stack(0x00007f2390db0000,0x00007f2390eb1000)]
  0x00007f24207ae000 JavaThread "Server Infinisleeper" daemon [_thread_blocked, id=74, stack(0x00007f2390eb1000,0x00007f2390fb2000)]
  0x00007f242079f800 JavaThread "NonBlockingInputStreamThread" daemon [_thread_blocked, id=73, stack(0x00007f2390fb2000,0x00007f23910b3000)]
  0x00007f2420710800 JavaThread "Snooper Timer" daemon [_thread_blocked, id=62, stack(0x00007f2391ab3000,0x00007f2391bb4000)]
  0x00007f24203cc800 JavaThread "process reaper" daemon [_thread_blocked, id=59, stack(0x00007f2424054000,0x00007f242408d000)]
  0x00007f242026c000 JavaThread "Service Thread" daemon [_thread_blocked, id=56, stack(0x00007f2393815000,0x00007f2393916000)]
  0x00007f2420257000 JavaThread "C1 CompilerThread3" daemon [_thread_in_native, id=55, stack(0x00007f2393917000,0x00007f2393a17000)]
  0x00007f2420254800 JavaThread "C2 CompilerThread2" daemon [_thread_in_native, id=54, stack(0x00007f2393a18000,0x00007f2393b18000)]
  0x00007f2420253000 JavaThread "C2 CompilerThread1" daemon [_thread_in_native, id=53, stack(0x00007f2393b19000,0x00007f2393c19000)]
  0x00007f2420250000 JavaThread "C2 CompilerThread0" daemon [_thread_in_native, id=52, stack(0x00007f2393c1a000,0x00007f2393d1a000)]
  0x00007f242024d000 JavaThread "Signal Dispatcher" daemon [_thread_blocked, id=51, stack(0x00007f23e00fe000,0x00007f23e01ff000)]
  0x00007f242021a000 JavaThread "Finalizer" daemon [_thread_blocked, id=50, stack(0x00007f23e01ff000,0x00007f23e0300000)]
  0x00007f2420215800 JavaThread "Reference Handler" daemon [_thread_blocked, id=49, stack(0x00007f23e0300000,0x00007f23e0401000)]

Other Threads:
  0x00007f242020b800 VMThread [stack: 0x00007f240800e000,0x00007f240810e000] [id=48]
  0x00007f242026e800 WatcherThread [stack: 0x00007f2393715000,0x00007f2393815000] [id=57]

VM state:not at safepoint (normal execution)

VM Mutex/Monitor currently owned by a thread: None

heap address: 0x0000000080200000, size: 30718 MB, Compressed Oops mode: Zero based, Oop shift amount: 3
Narrow klass base: 0x0000000800000000, Narrow klass shift: 0
Compressed class space size: 1073741824 Address: 0x0000000800000000

Heap:
 PSYoungGen      total 311296K, used 123132K [0x0000000580100000, 0x0000000599a00000, 0x0000000800000000)
  eden space 250368K, 24% used [0x0000000580100000,0x0000000583dc1a98,0x000000058f580000)
  from space 60928K, 99% used [0x0000000594000000,0x0000000597b7d728,0x0000000597b80000)
  to   space 76288K, 0% used [0x000000058f580000,0x000000058f580000,0x0000000594000000)
 ParOldGen       total 255488K, used 111195K [0x0000000080200000, 0x000000008fb80000, 0x0000000580100000)
  object space 255488K, 43% used [0x0000000080200000,0x0000000086e96d50,0x000000008fb80000)
 Metaspace       used 68573K, capacity 72438K, committed 72664K, reserved 1112064K
  class space    used 9845K, capacity 10993K, committed 11008K, reserved 1048576K

Card table byte_map: [0x00007f240d400000,0x00007f2411000000] byte_map_base: 0x00007f240cfff000

Marking Bits: (ParMarkBitMap*) 0x00007f2426ae7760
 Begin Bits: [0x00007f23a0010000, 0x00007f23be008000)
 End Bits:   [0x00007f23be008000, 0x00007f23dc000000)

Polling page: 0x00007f2426f6a000

CodeCache: size=245760Kb used=16632Kb max_used=17557Kb free=229127Kb
 bounds [0x00007f2411000000, 0x00007f2412140000, 0x00007f2420000000]
 total_blobs=6347 nmethods=5615 adapters=644
 compilation: enabled

Compilation events (10 events):
Event: 4.364 Thread 0x00007f2420257000 6803       1       org.apache.logging.log4j.core.impl.MutableLogEvent::getMarker (5 bytes)
Event: 4.364 Thread 0x00007f2420257000 nmethod 6803 0x00007f2411f3dc50 code [0x00007f2411f3dda0, 0x00007f2411f3deb0]
Event: 4.364 Thread 0x00007f2420257000 6804       1       org.apache.logging.log4j.core.config.LoggerConfig::isIncludeLocation (5 bytes)
Event: 4.364 Thread 0x00007f2420257000 nmethod 6804 0x00007f2411d3ff90 code [0x00007f2411d400e0, 0x00007f2411d401f0]
Event: 4.364 Thread 0x00007f2420257000 6812       2       com.google.gson.stream.JsonReader::nextQuotedValue (197 bytes)
Event: 4.365 Thread 0x00007f2420257000 nmethod 6812 0x00007f24111560d0 code [0x00007f24111562c0, 0x00007f2411156aa8]
Event: 4.365 Thread 0x00007f2420257000 6813       2       com.google.gson.stream.JsonReader::doPeek (768 bytes)
Event: 4.366 Thread 0x00007f2420257000 nmethod 6813 0x00007f2411d5a4d0 code [0x00007f2411d5a820, 0x00007f2411d5b4e8]
Event: 4.366 Thread 0x00007f2420257000 6815 %     3       com.google.gson.stream.JsonReader::nextQuotedValue @ 29 (197 bytes)
Event: 4.367 Thread 0x00007f2420253000 nmethod 6781 0x00007f241136e5d0 code [0x00007f241136e740, 0x00007f241136f1f8]

GC Heap History (10 events):
Event: 2.381 GC heap before
{Heap before GC invocations=9 (full 2):
 PSYoungGen      total 205824K, used 190464K [0x0000000580100000, 0x0000000592900000, 0x0000000800000000)
  eden space 190464K, 100% used [0x0000000580100000,0x000000058bb00000,0x000000058bb00000)
  from space 15360K, 0% used [0x0000000591a00000,0x0000000591a00000,0x0000000592900000)
  to   space 23040K, 0% used [0x000000058fc00000,0x000000058fc00000,0x0000000591280000)
 ParOldGen       total 146944K, used 38021K [0x0000000080200000, 0x0000000089180000, 0x0000000580100000)
  object space 146944K, 25% used [0x0000000080200000,0x0000000082721618,0x0000000089180000)
 Metaspace       used 43342K, capacity 45930K, committed 46168K, reserved 1089536K
  class space    used 6337K, capacity 6914K, committed 7040K, reserved 1048576K
Event: 2.390 GC heap after
Heap after GC invocations=9 (full 2):
 PSYoungGen      total 252928K, used 23033K [0x0000000580100000, 0x0000000591c80000, 0x0000000800000000)
  eden space 229888K, 0% used [0x0000000580100000,0x0000000580100000,0x000000058e180000)
  from space 23040K, 99% used [0x000000058fc00000,0x000000059127e770,0x0000000591280000)
  to   space 10240K, 0% used [0x0000000591280000,0x0000000591280000,0x0000000591c80000)
 ParOldGen       total 146944K, used 43434K [0x0000000080200000, 0x0000000089180000, 0x0000000580100000)
  object space 146944K, 29% used [0x0000000080200000,0x0000000082c6a850,0x0000000089180000)
 Metaspace       used 43342K, capacity 45930K, committed 46168K, reserved 1089536K
  class space    used 6337K, capacity 6914K, committed 7040K, reserved 1048576K
}
Event: 2.811 GC heap before
{Heap before GC invocations=10 (full 2):
 PSYoungGen      total 252928K, used 137910K [0x0000000580100000, 0x0000000591c80000, 0x0000000800000000)
  eden space 229888K, 49% used [0x0000000580100000,0x000000058712f0f8,0x000000058e180000)
  from space 23040K, 99% used [0x000000058fc00000,0x000000059127e770,0x0000000591280000)
  to   space 10240K, 0% used [0x0000000591280000,0x0000000591280000,0x0000000591c80000)
 ParOldGen       total 146944K, used 43434K [0x0000000080200000, 0x0000000089180000, 0x0000000580100000)
  object space 146944K, 29% used [0x0000000080200000,0x0000000082c6a850,0x0000000089180000)
 Metaspace       used 45640K, capacity 48260K, committed 48360K, reserved 1091584K
  class space    used 6592K, capacity 7261K, committed 7296K, reserved 1048576K
Event: 2.832 GC heap after
Heap after GC invocations=10 (full 2):
 PSYoungGen      total 242176K, used 10230K [0x0000000580100000, 0x0000000597580000, 0x0000000800000000)
  eden space 231936K, 0% used [0x0000000580100000,0x0000000580100000,0x000000058e380000)
  from space 10240K, 99% used [0x0000000591280000,0x0000000591c7d880,0x0000000591c80000)
  to   space 48128K, 0% used [0x000000058e380000,0x000000058e380000,0x0000000591280000)
 ParOldGen       total 146944K, used 90821K [0x0000000080200000, 0x0000000089180000, 0x0000000580100000)
  object space 146944K, 61% used [0x0000000080200000,0x0000000085ab1708,0x0000000089180000)
 Metaspace       used 45640K, capacity 48260K, committed 48360K, reserved 1091584K
  class space    used 6592K, capacity 7261K, committed 7296K, reserved 1048576K
}
Event: 2.832 GC heap before
{Heap before GC invocations=11 (full 3):
 PSYoungGen      total 242176K, used 10230K [0x0000000580100000, 0x0000000597580000, 0x0000000800000000)
  eden space 231936K, 0% used [0x0000000580100000,0x0000000580100000,0x000000058e380000)
  from space 10240K, 99% used [0x0000000591280000,0x0000000591c7d880,0x0000000591c80000)
  to   space 48128K, 0% used [0x000000058e380000,0x000000058e380000,0x0000000591280000)
 ParOldGen       total 146944K, used 90821K [0x0000000080200000, 0x0000000089180000, 0x0000000580100000)
  object space 146944K, 61% used [0x0000000080200000,0x0000000085ab1708,0x0000000089180000)
 Metaspace       used 45640K, capacity 48260K, committed 48360K, reserved 1091584K
  class space    used 6592K, capacity 7261K, committed 7296K, reserved 1048576K
Event: 2.967 GC heap after
Heap after GC invocations=11 (full 3):
 PSYoungGen      total 242176K, used 0K [0x0000000580100000, 0x0000000597580000, 0x0000000800000000)
  eden space 231936K, 0% used [0x0000000580100000,0x0000000580100000,0x000000058e380000)
  from space 10240K, 0% used [0x0000000591280000,0x0000000591280000,0x0000000591c80000)
  to   space 48128K, 0% used [0x000000058e380000,0x000000058e380000,0x0000000591280000)
 ParOldGen       total 255488K, used 87952K [0x0000000080200000, 0x000000008fb80000, 0x0000000580100000)
  object space 255488K, 34% used [0x0000000080200000,0x00000000857e4388,0x000000008fb80000)
 Metaspace       used 45640K, capacity 48260K, committed 48360K, reserved 1091584K
  class space    used 6592K, capacity 7261K, committed 7296K, reserved 1048576K
}
Event: 3.729 GC heap before
{Heap before GC invocations=12 (full 3):
 PSYoungGen      total 242176K, used 231936K [0x0000000580100000, 0x0000000597580000, 0x0000000800000000)
  eden space 231936K, 100% used [0x0000000580100000,0x000000058e380000,0x000000058e380000)
  from space 10240K, 0% used [0x0000000591280000,0x0000000591280000,0x0000000591c80000)
  to   space 48128K, 0% used [0x000000058e380000,0x000000058e380000,0x0000000591280000)
 ParOldGen       total 255488K, used 87952K [0x0000000080200000, 0x000000008fb80000, 0x0000000580100000)
  object space 255488K, 34% used [0x0000000080200000,0x00000000857e4388,0x000000008fb80000)
 Metaspace       used 64407K, capacity 67972K, committed 68184K, reserved 1107968K
  class space    used 9311K, capacity 10346K, committed 10368K, reserved 1048576K
Event: 3.758 GC heap after
Heap after GC invocations=12 (full 3):
 PSYoungGen      total 280064K, used 48115K [0x0000000580100000, 0x0000000597b80000, 0x0000000800000000)
  eden space 231936K, 0% used [0x0000000580100000,0x0000000580100000,0x000000058e380000)
  from space 48128K, 99% used [0x000000058e380000,0x000000059127cfc8,0x0000000591280000)
  to   space 60928K, 0% used [0x0000000594000000,0x0000000594000000,0x0000000597b80000)
 ParOldGen       total 255488K, used 98302K [0x0000000080200000, 0x000000008fb80000, 0x0000000580100000)
  object space 255488K, 38% used [0x0000000080200000,0x00000000861ffb78,0x000000008fb80000)
 Metaspace       used 64407K, capacity 67972K, committed 68184K, reserved 1107968K
  class space    used 9311K, capacity 10346K, committed 10368K, reserved 1048576K
}
Event: 4.253 GC heap before
{Heap before GC invocations=13 (full 3):
 PSYoungGen      total 280064K, used 280051K [0x0000000580100000, 0x0000000597b80000, 0x0000000800000000)
  eden space 231936K, 100% used [0x0000000580100000,0x000000058e380000,0x000000058e380000)
  from space 48128K, 99% used [0x000000058e380000,0x000000059127cfc8,0x0000000591280000)
  to   space 60928K, 0% used [0x0000000594000000,0x0000000594000000,0x0000000597b80000)
 ParOldGen       total 255488K, used 98302K [0x0000000080200000, 0x000000008fb80000, 0x0000000580100000)
  object space 255488K, 38% used [0x0000000080200000,0x00000000861ffb78,0x000000008fb80000)
 Metaspace       used 67252K, capacity 70992K, committed 71128K, reserved 1110016K
  class space    used 9651K, capacity 10736K, committed 10752K, reserved 1048576K
Event: 4.271 GC heap after
Heap after GC invocations=13 (full 3):
 PSYoungGen      total 311296K, used 60917K [0x0000000580100000, 0x0000000599a00000, 0x0000000800000000)
  eden space 250368K, 0% used [0x0000000580100000,0x0000000580100000,0x000000058f580000)
  from space 60928K, 99% used [0x0000000594000000,0x0000000597b7d728,0x0000000597b80000)
  to   space 76288K, 0% used [0x000000058f580000,0x000000058f580000,0x0000000594000000)
 ParOldGen       total 255488K, used 111195K [0x0000000080200000, 0x000000008fb80000, 0x0000000580100000)
  object space 255488K, 43% used [0x0000000080200000,0x0000000086e96d50,0x000000008fb80000)
 Metaspace       used 67252K, capacity 70992K, committed 71128K, reserved 1110016K
  class space    used 9651K, capacity 10736K, committed 10752K, reserved 1048576K
}

Deoptimization events (10 events):
Event: 3.967 Thread 0x00007f24207ae800 Uncommon trap: reason=null_check action=make_not_entrant pc=0x00007f24120b8944 method=net.minecraft.server.v1_8_R3.ChunkSection.getType(III)Lnet/minecraft/server/v1_8_R3/IBlockData; @ 21
Event: 3.967 Thread 0x00007f24207ae800 Uncommon trap: reason=null_check action=make_not_entrant pc=0x00007f241116dc54 method=net.minecraft.server.v1_8_R3.ChunkSection.getType(III)Lnet/minecraft/server/v1_8_R3/IBlockData; @ 21
Event: 3.967 Thread 0x00007f24207ae800 Uncommon trap: reason=null_check action=make_not_entrant pc=0x00007f241210010c method=net.minecraft.server.v1_8_R3.ChunkSection.getType(III)Lnet/minecraft/server/v1_8_R3/IBlockData; @ 21
Event: 4.152 Thread 0x00007f24207ae800 Uncommon trap: reason=unstable_if action=reinterpret pc=0x00007f2411c1d80c method=sun.reflect.annotation.AnnotationInvocationHandler.invoke(Ljava/lang/Object;Ljava/lang/reflect/Method;[Ljava/lang/Object;)Ljava/lang/Object; @ 263
Event: 4.175 Thread 0x00007f24207ae800 Uncommon trap: reason=bimorphic action=maybe_recompile pc=0x00007f24120972c8 method=java.util.WeakHashMap.eq(Ljava/lang/Object;Ljava/lang/Object;)Z @ 7
Event: 4.175 Thread 0x00007f24207ae800 Uncommon trap: reason=bimorphic action=maybe_recompile pc=0x00007f24120972c8 method=java.util.WeakHashMap.eq(Ljava/lang/Object;Ljava/lang/Object;)Z @ 7
Event: 4.175 Thread 0x00007f24207ae800 Uncommon trap: reason=bimorphic action=maybe_recompile pc=0x00007f24120972c8 method=java.util.WeakHashMap.eq(Ljava/lang/Object;Ljava/lang/Object;)Z @ 7
Event: 4.175 Thread 0x00007f24207ae800 Uncommon trap: reason=bimorphic action=maybe_recompile pc=0x00007f24120972c8 method=java.util.WeakHashMap.eq(Ljava/lang/Object;Ljava/lang/Object;)Z @ 7
Event: 4.325 Thread 0x00007f24207ae800 Uncommon trap: reason=unstable_if action=reinterpret pc=0x00007f241115af30 method=java.util.regex.Pattern$Dollar.match(Ljava/util/regex/Matcher;ILjava/lang/CharSequence;)Z @ 86
Event: 4.327 Thread 0x00007f24207ae800 Uncommon trap: reason=null_check action=make_not_entrant pc=0x00007f2412116e24 method=me.lucko.luckperms.bukkit.inject.server.LuckPermsPermissionMap.get(Ljava/lang/Object;)Lorg/bukkit/permissions/Permission; @ 11

Classes redefined (0 events):
No events

Internal exceptions (10 events):
Event: 4.315 Thread 0x00007f24207ae800 Exception <a 'java/lang/NoSuchMethodError': net.minecraft.server.v1_8_R3.MinecraftKey.<init>(Ljava/lang/String;Ljava/lang/String;)V> (0x000000058194f370) thrown at [/home/adoptopenjdk/workspace/build-scripts/jobs/jdk8u/jdk8u-linux-x64-hotspot/workspace/bu
Event: 4.315 Thread 0x00007f24207ae800 Exception <a 'java/lang/NoSuchFieldError': method resolution failed> (0x00000005819502b0) thrown at [/home/adoptopenjdk/workspace/build-scripts/jobs/jdk8u/jdk8u-linux-x64-hotspot/workspace/build/src/hotspot/src/share/vm/prims/methodHandles.cpp, line 1176]
Event: 4.316 Thread 0x00007f24207ae800 Exception <a 'java/lang/NoSuchMethodError': net.minecraft.server.v1_8_R3.MinecraftKey.<init>(Ljava/lang/String;Ljava/lang/String;)V> (0x0000000581972e30) thrown at [/home/adoptopenjdk/workspace/build-scripts/jobs/jdk8u/jdk8u-linux-x64-hotspot/workspace/bu
Event: 4.316 Thread 0x00007f24207ae800 Exception <a 'java/lang/NoSuchFieldError': method resolution failed> (0x0000000581973d70) thrown at [/home/adoptopenjdk/workspace/build-scripts/jobs/jdk8u/jdk8u-linux-x64-hotspot/workspace/build/src/hotspot/src/share/vm/prims/methodHandles.cpp, line 1176]
Event: 4.317 Thread 0x00007f24207ae800 Exception <a 'java/lang/NoSuchFieldError': method resolution failed> (0x00000005819ae200) thrown at [/home/adoptopenjdk/workspace/build-scripts/jobs/jdk8u/jdk8u-linux-x64-hotspot/workspace/build/src/hotspot/src/share/vm/prims/methodHandles.cpp, line 1176]
Event: 4.320 Thread 0x00007f24207ae800 Exception <a 'java/lang/NoSuchFieldError': method resolution failed> (0x0000000581a286e0) thrown at [/home/adoptopenjdk/workspace/build-scripts/jobs/jdk8u/jdk8u-linux-x64-hotspot/workspace/build/src/hotspot/src/share/vm/prims/methodHandles.cpp, line 1176]
Event: 4.321 Thread 0x00007f24207ae800 Exception <a 'java/lang/NullPointerException'> (0x00000005820e1968) thrown at [/home/adoptopenjdk/workspace/build-scripts/jobs/jdk8u/jdk8u-linux-x64-hotspot/workspace/build/src/hotspot/src/share/vm/interpreter/linkResolver.cpp, line 1185]
Event: 4.324 Thread 0x00007f24207ae800 Exception <a 'java/lang/NoSuchMethodError': java.lang.Object.lambda$withStatic$0(Ljava/lang/Object;)Ljava/lang/Object;> (0x000000058213ff68) thrown at [/home/adoptopenjdk/workspace/build-scripts/jobs/jdk8u/jdk8u-linux-x64-hotspot/workspace/build/src/hotsp
Event: 4.324 Thread 0x00007f24207ae800 Exception <a 'java/lang/NoSuchMethodError': org.bukkit.event.player.PlayerLocaleChangeEvent.getLocale()Ljava/lang/String;> (0x000000058215ceb8) thrown at [/home/adoptopenjdk/workspace/build-scripts/jobs/jdk8u/jdk8u-linux-x64-hotspot/workspace/build/src/ho
Event: 4.327 Thread 0x00007f24207ae800 Implicit null exception at 0x00007f24121102a6 to 0x00007f2412116e19

Events (10 events):
Event: 4.366 loading class it/pintux98/socket/connection/packet/Packet done
Event: 4.366 loading class it/pintux98/socket/connection/Paramable
Event: 4.366 loading class it/pintux98/socket/connection/Paramable done
Event: 4.367 loading class it/pintux98/socket/connection/packet/Packet
Event: 4.367 loading class it/pintux98/socket/connection/packet/Packet done
Event: 4.367 loading class it/pintux98/pinlogin/main
Event: 4.367 loading class it/pintux98/pinlogin/main done
Event: 4.367 Thread 0x00007f2420253000 flushing nmethod 0x00007f2411f8ea90
Event: 4.367 loading class me/entity303/dummyplugman/main/DummyPlugmanL10
Event: 4.367 loading class me/entity303/dummyplugman/main/DummyPlugmanL10 done


Dynamic libraries:
80200000-8fb80000 rw-p 00000000 00:00 0 
8fb80000-580100000 ---p 00000000 00:00 0 
580100000-599a00000 rw-p 00000000 00:00 0 
599a00000-800000000 ---p 00000000 00:00 0 
800000000-800ac0000 rw-p 00000000 00:00 0 
800ac0000-840000000 ---p 00000000 00:00 0 
5605b4600000-5605b4601000 r-xp 00000000 07:02 3442898                    /opt/java/openjdk/bin/java
5605b4800000-5605b4801000 r--p 00000000 07:02 3442898                    /opt/java/openjdk/bin/java
5605b4801000-5605b4802000 rw-p 00001000 07:02 3442898                    /opt/java/openjdk/bin/java
5605b4e6d000-5605b4e8e000 rw-p 00000000 00:00 0                          [heap]
7f22b8000000-7f22b8021000 rw-p 00000000 00:00 0 
7f22b8021000-7f22bc000000 ---p 00000000 00:00 0 
7f22c0000000-7f22c0021000 rw-p 00000000 00:00 0 
7f22c0021000-7f22c4000000 ---p 00000000 00:00 0 
7f22c4000000-7f22c4021000 rw-p 00000000 00:00 0 
7f22c4021000-7f22c8000000 ---p 00000000 00:00 0 
7f22c8000000-7f22c8021000 rw-p 00000000 00:00 0 
7f22c8021000-7f22cc000000 ---p 00000000 00:00 0 
7f22cc000000-7f22cc021000 rw-p 00000000 00:00 0 
7f22cc021000-7f22d0000000 ---p 00000000 00:00 0 
7f22d0000000-7f22d0021000 rw-p 00000000 00:00 0 
7f22d0021000-7f22d4000000 ---p 00000000 00:00 0 
7f22d4000000-7f22d4021000 rw-p 00000000 00:00 0 
7f22d4021000-7f22d8000000 ---p 00000000 00:00 0 
7f22d8000000-7f22d8021000 rw-p 00000000 00:00 0 
7f22d8021000-7f22dc000000 ---p 00000000 00:00 0 
7f22dc000000-7f22dc021000 rw-p 00000000 00:00 0 
7f22dc021000-7f22e0000000 ---p 00000000 00:00 0 
7f22e0000000-7f22e0021000 rw-p 00000000 00:00 0 
7f22e0021000-7f22e4000000 ---p 00000000 00:00 0 
7f22e4000000-7f22e4021000 rw-p 00000000 00:00 0 
7f22e4021000-7f22e8000000 ---p 00000000 00:00 0 
7f22e8000000-7f22e8021000 rw-p 00000000 00:00 0 
7f22e8021000-7f22ec000000 ---p 00000000 00:00 0 
7f22ec000000-7f22ec021000 rw-p 00000000 00:00 0 
7f22ec021000-7f22f0000000 ---p 00000000 00:00 0 
7f22f0000000-7f22f0021000 rw-p 00000000 00:00 0 
7f22f0021000-7f22f4000000 ---p 00000000 00:00 0 
7f22f4000000-7f22f4021000 rw-p 00000000 00:00 0 
7f22f4021000-7f22f8000000 ---p 00000000 00:00 0 
7f22f8000000-7f22f8169000 rw-p 00000000 00:00 0 
7f22f8169000-7f22fc000000 ---p 00000000 00:00 0 
7f22fc000000-7f22fc02f000 rw-p 00000000 00:00 0 
7f22fc02f000-7f2300000000 ---p 00000000 00:00 0 
7f2300000000-7f2300021000 rw-p 00000000 00:00 0 
7f2300021000-7f2304000000 ---p 00000000 00:00 0 
7f2307eff000-7f2307f02000 ---p 00000000 00:00 0 
7f2307f02000-7f2308000000 rw-p 00000000 00:00 0 
7f2308000000-7f2308021000 rw-p 00000000 00:00 0 
7f2308021000-7f230c000000 ---p 00000000 00:00 0 
7f230c000000-7f230c021000 rw-p 00000000 00:00 0 
7f230c021000-7f2310000000 ---p 00000000 00:00 0 
7f2310000000-7f2310021000 rw-p 00000000 00:00 0 
7f2310021000-7f2314000000 ---p 00000000 00:00 0 
7f2314000000-7f2314021000 rw-p 00000000 00:00 0 
7f2314021000-7f2318000000 ---p 00000000 00:00 0 
7f2318000000-7f2318021000 rw-p 00000000 00:00 0 
7f2318021000-7f231c000000 ---p 00000000 00:00 0 
7f231c000000-7f231c021000 rw-p 00000000 00:00 0 
7f231c021000-7f2320000000 ---p 00000000 00:00 0 
7f2320000000-7f2320021000 rw-p 00000000 00:00 0 
7f2320021000-7f2324000000 ---p 00000000 00:00 0 
7f2324000000-7f2324021000 rw-p 00000000 00:00 0 
7f2324021000-7f2328000000 ---p 00000000 00:00 0 
7f2328000000-7f2328021000 rw-p 00000000 00:00 0 
7f2328021000-7f232c000000 ---p 00000000 00:00 0 
7f232c000000-7f232c021000 rw-p 00000000 00:00 0 
7f232c021000-7f2330000000 ---p 00000000 00:00 0 
7f2330000000-7f2330021000 rw-p 00000000 00:00 0 
7f2330021000-7f2334000000 ---p 00000000 00:00 0 
7f2334000000-7f2334021000 rw-p 00000000 00:00 0 
7f2334021000-7f2338000000 ---p 00000000 00:00 0 
7f2338000000-7f2338021000 rw-p 00000000 00:00 0 
7f2338021000-7f233c000000 ---p 00000000 00:00 0 
7f233c000000-7f233c021000 rw-p 00000000 00:00 0 
7f233c021000-7f2340000000 ---p 00000000 00:00 0 
7f2340000000-7f2340021000 rw-p 00000000 00:00 0 
7f2340021000-7f2344000000 ---p 00000000 00:00 0 
7f2344000000-7f234406d000 rw-p 00000000 00:00 0 
7f234406d000-7f2348000000 ---p 00000000 00:00 0 
7f2348000000-7f2348026000 rw-p 00000000 00:00 0 
7f2348026000-7f234c000000 ---p 00000000 00:00 0 
7f234c000000-7f234c021000 rw-p 00000000 00:00 0 
7f234c021000-7f2350000000 ---p 00000000 00:00 0 
7f23500ce000-7f235010e000 rw-p 00000000 00:00 0 
7f235010e000-7f23502ce000 ---p 00000000 00:00 0 
7f23502ce000-7f23502d1000 ---p 00000000 00:00 0 
7f23502d1000-7f23503cf000 rw-p 00000000 00:00 0 
7f23503cf000-7f23503d2000 ---p 00000000 00:00 0 
7f23503d2000-7f23504d0000 rw-p 00000000 00:00 0 
7f23504d0000-7f23504d3000 ---p 00000000 00:00 0 
7f23504d3000-7f23507d1000 rw-p 00000000 00:00 0 
7f23507d1000-7f23507d4000 ---p 00000000 00:00 0 
7f23507d4000-7f23508d2000 rw-p 00000000 00:00 0 
7f23508d2000-7f23508d5000 ---p 00000000 00:00 0 
7f23508d5000-7f2350bd3000 rw-p 00000000 00:00 0 
7f2350bd3000-7f2350bd6000 ---p 00000000 00:00 0 
7f2350bd6000-7f2350ed4000 rw-p 00000000 00:00 0 
7f2350ed4000-7f23510d4000 rw-p 00000000 00:00 0 
7f23510d4000-7f23512d4000 rw-p 00000000 00:00 0 
7f23512d4000-7f23512d7000 ---p 00000000 00:00 0 
7f23512d7000-7f23515d5000 rw-p 00000000 00:00 0 
7f23515d5000-7f23517d5000 rw-p 00000000 00:00 0 
7f23517d5000-7f23519d5000 rw-p 00000000 00:00 0 
7f23519d5000-7f2351a0e000 r-xp 00000000 07:02 3442996                    /opt/java/openjdk/jre/lib/amd64/libsunec.so
7f2351a0e000-7f2351c0d000 ---p 00039000 07:02 3442996                    /opt/java/openjdk/jre/lib/amd64/libsunec.so
7f2351c0d000-7f2351c12000 r--p 00038000 07:02 3442996                    /opt/java/openjdk/jre/lib/amd64/libsunec.so
7f2351c12000-7f2351c14000 rw-p 0003d000 07:02 3442996                    /opt/java/openjdk/jre/lib/amd64/libsunec.so
7f2351c14000-7f2351e14000 rw-p 00000000 00:00 0 
7f2351e14000-7f2351e6b000 r--s 00476000 07:02 5767320                    /home/container/plugins/Citizens-2.0.33-b3397.jar
7f2351ee6000-7f2351ee9000 ---p 00000000 00:00 0 
7f2351ee9000-7f23521e7000 rw-p 00000000 00:00 0 
7f23521e7000-7f23521ea000 ---p 00000000 00:00 0 
7f23521ea000-7f23522e8000 rw-p 00000000 00:00 0 
7f23522e8000-7f23522eb000 ---p 00000000 00:00 0 
7f23522eb000-7f23523e9000 rw-p 00000000 00:00 0 
7f23523e9000-7f23523ec000 ---p 00000000 00:00 0 
7f23523ec000-7f23524ea000 rw-p 00000000 00:00 0 
7f23524ea000-7f23524ed000 ---p 00000000 00:00 0 
7f23524ed000-7f23525eb000 rw-p 00000000 00:00 0 
7f23525eb000-7f23525ee000 ---p 00000000 00:00 0 
7f23525ee000-7f23526ec000 rw-p 00000000 00:00 0 
7f23526ec000-7f23526ef000 ---p 00000000 00:00 0 
7f23526ef000-7f23527ed000 rw-p 00000000 00:00 0 
7f23527ed000-7f23527f0000 ---p 00000000 00:00 0 
7f23527f0000-7f23528ee000 rw-p 00000000 00:00 0 
7f23528ee000-7f23528f1000 ---p 00000000 00:00 0 
7f23528f1000-7f23529ef000 rw-p 00000000 00:00 0 
7f23529ef000-7f23529f2000 ---p 00000000 00:00 0 
7f23529f2000-7f2352af0000 rw-p 00000000 00:00 0 
7f2352af0000-7f2352af3000 ---p 00000000 00:00 0 
7f2352af3000-7f2352bf1000 rw-p 00000000 00:00 0 
7f2352bf1000-7f2352bf4000 ---p 00000000 00:00 0 
7f2352bf4000-7f2352cf2000 rw-p 00000000 00:00 0 
7f2352cf2000-7f2352cf5000 ---p 00000000 00:00 0 
7f2352cf5000-7f2352ff3000 rw-p 00000000 00:00 0 
7f2352ff3000-7f23531f3000 rw-p 00000000 00:00 0 
7f23531f3000-7f23533f3000 rw-p 00000000 00:00 0 
7f23533f3000-7f23535f3000 rw-p 00000000 00:00 0 
7f23535f3000-7f23535f6000 ---p 00000000 00:00 0 
7f23535f6000-7f23536f4000 rw-p 00000000 00:00 0 
7f23536f4000-7f23536f7000 ---p 00000000 00:00 0 
7f23536f7000-7f23537f5000 rw-p 00000000 00:00 0 
7f23537f5000-7f23537f8000 ---p 00000000 00:00 0 
7f23537f8000-7f23538f6000 rw-p 00000000 00:00 0 
7f23538f6000-7f23538f9000 ---p 00000000 00:00 0 
7f23538f9000-7f2353bed000 rw-p 00000000 00:00 0 
7f2353bed000-7f2353bf7000 ---p 00000000 00:00 0 
7f2353bf7000-7f2353bfa000 ---p 00000000 00:00 0 
7f2353bfa000-7f2353cf8000 rw-p 00000000 00:00 0 
7f2353cf8000-7f2353cff000 r-xp 00000000 00:77 4                          /tmp/libnetty-transport-native-epoll3625119329988846918.so
7f2353cff000-7f2353efe000 ---p 00007000 00:77 4                          /tmp/libnetty-transport-native-epoll3625119329988846918.so
7f2353efe000-7f2353eff000 rw-p 00006000 00:77 4                          /tmp/libnetty-transport-native-epoll3625119329988846918.so
7f2353eff000-7f2353f02000 ---p 00000000 00:00 0 
7f2353f02000-7f2354000000 rw-p 00000000 00:00 0 
7f2354000000-7f2354021000 rw-p 00000000 00:00 0 
7f2354021000-7f2358000000 ---p 00000000 00:00 0 
7f2358000000-7f2358021000 rw-p 00000000 00:00 0 
7f2358021000-7f235c000000 ---p 00000000 00:00 0 
7f235c000000-7f235e701000 rw-p 00000000 00:00 0 
7f235e701000-7f2360000000 ---p 00000000 00:00 0 
7f2360000000-7f2360021000 rw-p 00000000 00:00 0 
7f2360021000-7f2364000000 ---p 00000000 00:00 0 
7f2364000000-7f2364021000 rw-p 00000000 00:00 0 
7f2364021000-7f2368000000 ---p 00000000 00:00 0 
7f2368000000-7f2368021000 rw-p 00000000 00:00 0 
7f2368021000-7f236c000000 ---p 00000000 00:00 0 
7f236c000000-7f236c021000 rw-p 00000000 00:00 0 
7f236c021000-7f2370000000 ---p 00000000 00:00 0 
7f2370000000-7f2370043000 rw-p 00000000 00:00 0 
7f2370043000-7f2374000000 ---p 00000000 00:00 0 
7f2374000000-7f2374021000 rw-p 00000000 00:00 0 
7f2374021000-7f2378000000 ---p 00000000 00:00 0 
7f2378000000-7f2378021000 rw-p 00000000 00:00 0 
7f2378021000-7f237c000000 ---p 00000000 00:00 0 
7f237c000000-7f237d7c2000 rw-p 00000000 00:00 0 
7f237d7c2000-7f2380000000 ---p 00000000 00:00 0 
7f2380000000-7f23808ef000 rw-p 00000000 00:00 0 
7f23808ef000-7f2384000000 ---p 00000000 00:00 0 
7f2384000000-7f23857c5000 rw-p 00000000 00:00 0 
7f23857c5000-7f2388000000 ---p 00000000 00:00 0 
7f2388000000-7f23890ef000 rw-p 00000000 00:00 0 
7f23890ef000-7f238c000000 ---p 00000000 00:00 0 
7f238c000000-7f238c021000 rw-p 00000000 00:00 0 
7f238c021000-7f2390000000 ---p 00000000 00:00 0 
7f239006b000-7f2390081000 r--s 00257000 07:02 5899187                    /home/container/plugins/LuckPerms/libs/h2-driver-2.1.214.jar
7f2390081000-7f23900d7000 r--s 00328000 07:02 5899163                    /home/container/plugins/LuckPerms/libs/bytebuddy-1.10.22-remapped.jar
7f23900d7000-7f23900da000 ---p 00000000 00:00 0 
7f23900da000-7f23903d8000 rw-p 00000000 00:00 0 
7f23903d8000-7f23903db000 ---p 00000000 00:00 0 
7f23903db000-7f23904d9000 rw-p 00000000 00:00 0 
7f23904d9000-7f23904e0000 r-xp 00000000 07:02 3442968                    /opt/java/openjdk/jre/lib/amd64/libawt_headless.so
7f23904e0000-7f23906df000 ---p 00007000 07:02 3442968                    /opt/java/openjdk/jre/lib/amd64/libawt_headless.so
7f23906df000-7f23906e0000 r--p 00006000 07:02 3442968                    /opt/java/openjdk/jre/lib/amd64/libawt_headless.so
7f23906e0000-7f23906e1000 rw-p 00007000 07:02 3442968                    /opt/java/openjdk/jre/lib/amd64/libawt_headless.so
7f23906e1000-7f239077e000 r-xp 00000000 07:02 3442967                    /opt/java/openjdk/jre/lib/amd64/libawt.so
7f239077e000-7f239097d000 ---p 0009d000 07:02 3442967                    /opt/java/openjdk/jre/lib/amd64/libawt.so
7f239097d000-7f239097e000 r--p 0009c000 07:02 3442967                    /opt/java/openjdk/jre/lib/amd64/libawt.so
7f239097e000-7f2390989000 rw-p 0009d000 07:02 3442967                    /opt/java/openjdk/jre/lib/amd64/libawt.so
7f2390989000-7f2390bae000 rw-p 00000000 00:00 0 
7f2390bae000-7f2390bb1000 ---p 00000000 00:00 0 
7f2390bb1000-7f2390caf000 rw-p 00000000 00:00 0 
7f2390caf000-7f2390cb2000 ---p 00000000 00:00 0 
7f2390cb2000-7f2390db0000 rw-p 00000000 00:00 0 
7f2390db0000-7f2390db3000 ---p 00000000 00:00 0 
7f2390db3000-7f2390eb1000 rw-p 00000000 00:00 0 
7f2390eb1000-7f2390eb4000 ---p 00000000 00:00 0 
7f2390eb4000-7f2390fb2000 rw-p 00000000 00:00 0 
7f2390fb2000-7f2390fb5000 ---p 00000000 00:00 0 
7f2390fb5000-7f23912b3000 rw-p 00000000 00:00 0 
7f23912b3000-7f23914b3000 rw-p 00000000 00:00 0 
7f23914b3000-7f23916b3000 rw-p 00000000 00:00 0 
7f23916b3000-7f23918b3000 rw-p 00000000 00:00 0 
7f23918b3000-7f2391ab3000 rw-p 00000000 00:00 0 
7f2391ab3000-7f2391ab6000 ---p 00000000 00:00 0 
7f2391ab6000-7f2391db4000 rw-p 00000000 00:00 0 
7f2391db4000-7f2391dbc000 r-xp 00000000 07:02 3442988                    /opt/java/openjdk/jre/lib/amd64/libmanagement.so
7f2391dbc000-7f2391fbc000 ---p 00008000 07:02 3442988                    /opt/java/openjdk/jre/lib/amd64/libmanagement.so
7f2391fbc000-7f2391fbd000 r--p 00008000 07:02 3442988                    /opt/java/openjdk/jre/lib/amd64/libmanagement.so
7f2391fbd000-7f2391fbe000 rw-p 00009000 07:02 3442988                    /opt/java/openjdk/jre/lib/amd64/libmanagement.so
7f2391fbe000-7f2391fbf000 r-xp 00000000 00:77 2                          /tmp/libjansi-64-git-PaperSpigot-445-4635577072803464452.so
7f2391fbf000-7f23921be000 ---p 00001000 00:77 2                          /tmp/libjansi-64-git-PaperSpigot-445-4635577072803464452.so
7f23921be000-7f23921bf000 rw-p 00000000 00:77 2                          /tmp/libjansi-64-git-PaperSpigot-445-4635577072803464452.so
7f23921bf000-7f23922e8000 r--s 012dc000 07:02 5767211                    /home/container/cache/patched_1.8.8.jar
7f23922ed000-7f23922f3000 r--s 0003d000 07:02 3443024                    /opt/java/openjdk/jre/lib/ext/sunjce_provider.jar
7f23922f3000-7f23922f6000 r--p 00000000 07:02 3445660                    /usr/lib/x86_64-linux-gnu/libgcc_s.so.1
7f23922f6000-7f2392308000 r-xp 00003000 07:02 3445660                    /usr/lib/x86_64-linux-gnu/libgcc_s.so.1
7f2392308000-7f239230c000 r--p 00015000 07:02 3445660                    /usr/lib/x86_64-linux-gnu/libgcc_s.so.1
7f239230c000-7f239230d000 r--p 00018000 07:02 3445660                    /usr/lib/x86_64-linux-gnu/libgcc_s.so.1
7f239230d000-7f239230e000 rw-p 00019000 07:02 3445660                    /usr/lib/x86_64-linux-gnu/libgcc_s.so.1
7f2392311000-7f2392323000 r--s 0034c000 07:02 3443058                    /opt/java/openjdk/jre/lib/resources.jar
7f2392323000-7f239232a000 r--s 00068000 07:02 5899157                    /home/container/plugins/LuckPerms/libs/okhttp-3.14.9-remapped.jar
7f239232a000-7f239233c000 r--s 000d2000 07:02 5899159                    /home/container/plugins/LuckPerms/libs/caffeine-2.9.0-remapped.jar
7f239233c000-7f239234c000 r--s 000a6000 07:02 5899175                    /home/container/plugins/LuckPerms/libs/adventure-4.13.0-remapped.jar
7f239234c000-7f239234f000 ---p 00000000 00:00 0 
7f239234f000-7f239244d000 rw-p 00000000 00:00 0 
7f239244d000-7f2392450000 ---p 00000000 00:00 0 
7f2392450000-7f239274e000 rw-p 00000000 00:00 0 
7f239274e000-7f2392751000 ---p 00000000 00:00 0 
7f2392751000-7f239284f000 rw-p 00000000 00:00 0 
7f239284f000-7f2392852000 ---p 00000000 00:00 0 
7f2392852000-7f2392950000 rw-p 00000000 00:00 0 
7f2392950000-7f2392953000 ---p 00000000 00:00 0 
7f2392953000-7f2392a51000 rw-p 00000000 00:00 0 
7f2392a51000-7f2392a54000 ---p 00000000 00:00 0 
7f2392a54000-7f2392b52000 rw-p 00000000 00:00 0 
7f2392b52000-7f2392b55000 ---p 00000000 00:00 0 
7f2392b55000-7f2392e53000 rw-p 00000000 00:00 0 
7f2392e53000-7f2392e56000 ---p 00000000 00:00 0 
7f2392e56000-7f2393154000 rw-p 00000000 00:00 0 
7f2393154000-7f23931ab000 r--s 00476000 07:02 5767320                    /home/container/plugins/Citizens-2.0.33-b3397.jar
7f23931ab000-7f23931b6000 r--s 00076000 07:02 5767318                    /home/container/plugins/LPC.jar
7f23931b6000-7f23931c6000 r--s 000b3000 07:02 5767316                    /home/container/plugins/Vault.jar
7f23931c6000-7f23931dc000 r--s 000f9000 07:02 5767322                    /home/container/plugins/DecentHolograms-2.8.6.jar
7f23931dc000-7f23931f0000 r--s 000ee000 07:02 5767302                    /home/container/plugins/DeluxeHub-3.5.5.jar
7f23931f0000-7f2393207000 r--s 0013f000 00:77 6                          /tmp/luckperms-jarinjar1691280727321907823.jar.tmp
7f2393207000-7f2393219000 r--s 001cb000 07:02 5767301                    /home/container/plugins/LuckPerms-Bukkit-5.4.122.jar
7f2393219000-7f239329a000 r--s 004fe000 07:02 5767281                    /home/container/plugins/ProtocolLib.jar
7f239329a000-7f23932c2000 r--s 00192000 07:02 5767235                    /home/container/plugins/worldguard-6.2.jar
7f23932c2000-7f23932e9000 r--s 001cd000 07:02 5767319                    /home/container/plugins/PlugManX.jar
7f23932e9000-7f2393300000 r-xp 00000000 07:02 3442990                    /opt/java/openjdk/jre/lib/amd64/libnet.so
7f2393300000-7f2393500000 ---p 00017000 07:02 3442990                    /opt/java/openjdk/jre/lib/amd64/libnet.so
7f2393500000-7f2393501000 r--p 00017000 07:02 3442990                    /opt/java/openjdk/jre/lib/amd64/libnet.so
7f2393501000-7f2393502000 rw-p 00018000 07:02 3442990                    /opt/java/openjdk/jre/lib/amd64/libnet.so
7f2393502000-7f2393513000 r-xp 00000000 07:02 3442991                    /opt/java/openjdk/jre/lib/amd64/libnio.so
7f2393513000-7f2393712000 ---p 00011000 07:02 3442991                    /opt/java/openjdk/jre/lib/amd64/libnio.so
7f2393712000-7f2393713000 r--p 00010000 07:02 3442991                    /opt/java/openjdk/jre/lib/amd64/libnio.so
7f2393713000-7f2393714000 rw-p 00011000 07:02 3442991                    /opt/java/openjdk/jre/lib/amd64/libnio.so
7f2393714000-7f2393715000 ---p 00000000 00:00 0 
7f2393715000-7f2393815000 rw-p 00000000 00:00 0 
7f2393815000-7f2393818000 ---p 00000000 00:00 0 
7f2393818000-7f2393916000 rw-p 00000000 00:00 0 
7f2393916000-7f2393917000 ---p 00000000 00:00 0 
7f2393917000-7f239391a000 ---p 00000000 00:00 0 
7f239391a000-7f2393a17000 rw-p 00000000 00:00 0 
7f2393a17000-7f2393a18000 ---p 00000000 00:00 0 
7f2393a18000-7f2393a1b000 ---p 00000000 00:00 0 
7f2393a1b000-7f2393b18000 rw-p 00000000 00:00 0 
7f2393b18000-7f2393b19000 ---p 00000000 00:00 0 
7f2393b19000-7f2393b1c000 ---p 00000000 00:00 0 
7f2393b1c000-7f2393c19000 rw-p 00000000 00:00 0 
7f2393c19000-7f2393c1a000 ---p 00000000 00:00 0 
7f2393c1a000-7f2393c1d000 ---p 00000000 00:00 0 
7f2393c1d000-7f2393d1a000 rw-p 00000000 00:00 0 
7f2393d1a000-7f2394000000 r--p 00000000 07:02 3444038                    /usr/lib/locale/locale-archive
7f2394000000-7f2394021000 rw-p 00000000 00:00 0 
7f2394021000-7f2398000000 ---p 00000000 00:00 0 
7f2398000000-7f2398021000 rw-p 00000000 00:00 0 
7f2398021000-7f239c000000 ---p 00000000 00:00 0 
7f239c000000-7f239c021000 rw-p 00000000 00:00 0 
7f239c021000-7f23a0000000 ---p 00000000 00:00 0 
7f23a0000000-7f23a0002000 r--s 00008000 07:02 3443023                    /opt/java/openjdk/jre/lib/ext/sunec.jar
7f23a0002000-7f23a0004000 r--s 00010000 07:02 3443026                    /opt/java/openjdk/jre/lib/ext/zipfs.jar
7f23a0004000-7f23a0010000 r--s 0007c000 07:02 5767303                    /home/container/plugins/BungeeGuard (1).jar
7f23a0010000-7f23dc000000 rw-p 00000000 00:00 0 
7f23dc000000-7f23dc021000 rw-p 00000000 00:00 0 
7f23dc021000-7f23e0000000 ---p 00000000 00:00 0 
7f23e0000000-7f23e0011000 r--s 000cb000 07:02 5767278                    /home/container/plugins/ajParkour-2.12.10.jar
7f23e0011000-7f23e0069000 r--s 003cf000 07:02 5767286                    /home/container/plugins/ViaVersion-4.9.3.jar
7f23e0069000-7f23e0075000 r--s 0007a000 07:02 5767288                    /home/container/plugins/AntiDisconnectSpam.jar
7f23e0075000-7f23e0081000 r--s 00075000 07:02 5767314                    /home/container/plugins/PlugManDummy.jar (deleted)
7f23e0081000-7f23e0094000 r--s 000bf000 07:02 5767274                    /home/container/plugins/PinLogin.jar
7f23e0094000-7f23e00b4000 r--s 00145000 07:02 5767283                    /home/container/plugins/PlaceholderAPI-2.11.5.jar
7f23e00b4000-7f23e00e2000 r--s 001fd000 07:02 5767317                    /home/container/plugins/worldedit-bukkit-6.1.9.jar
7f23e00e2000-7f23e00e6000 r--p 00000000 07:02 3445778                    /usr/lib/x86_64-linux-gnu/libresolv-2.31.so
7f23e00e6000-7f23e00f6000 r-xp 00004000 07:02 3445778                    /usr/lib/x86_64-linux-gnu/libresolv-2.31.so
7f23e00f6000-7f23e00f9000 r--p 00014000 07:02 3445778                    /usr/lib/x86_64-linux-gnu/libresolv-2.31.so
7f23e00f9000-7f23e00fa000 ---p 00017000 07:02 3445778                    /usr/lib/x86_64-linux-gnu/libresolv-2.31.so
7f23e00fa000-7f23e00fb000 r--p 00017000 07:02 3445778                    /usr/lib/x86_64-linux-gnu/libresolv-2.31.so
7f23e00fb000-7f23e00fc000 rw-p 00018000 07:02 3445778                    /usr/lib/x86_64-linux-gnu/libresolv-2.31.so
7f23e00fc000-7f23e00fe000 rw-p 00000000 00:00 0 
7f23e00fe000-7f23e0101000 ---p 00000000 00:00 0 
7f23e0101000-7f23e01ff000 rw-p 00000000 00:00 0 
7f23e01ff000-7f23e0202000 ---p 00000000 00:00 0 
7f23e0202000-7f23e0300000 rw-p 00000000 00:00 0 
7f23e0300000-7f23e0303000 ---p 00000000 00:00 0 
7f23e0303000-7f23e4000000 rw-p 00000000 00:00 0 
7f23e4000000-7f23e4021000 rw-p 00000000 00:00 0 
7f23e4021000-7f23e8000000 ---p 00000000 00:00 0 
7f23e8000000-7f23e8021000 rw-p 00000000 00:00 0 
7f23e8021000-7f23ec000000 ---p 00000000 00:00 0 
7f23ec000000-7f23ec021000 rw-p 00000000 00:00 0 
7f23ec021000-7f23f0000000 ---p 00000000 00:00 0 
7f23f0000000-7f23f0021000 rw-p 00000000 00:00 0 
7f23f0021000-7f23f4000000 ---p 00000000 00:00 0 
7f23f4000000-7f23f4021000 rw-p 00000000 00:00 0 
7f23f4021000-7f23f8000000 ---p 00000000 00:00 0 
7f23f8000000-7f23f8021000 rw-p 00000000 00:00 0 
7f23f8021000-7f23fc000000 ---p 00000000 00:00 0 
7f23fc000000-7f23fc021000 rw-p 00000000 00:00 0 
7f23fc021000-7f2400000000 ---p 00000000 00:00 0 
7f2400000000-7f2400021000 rw-p 00000000 00:00 0 
7f2400021000-7f2404000000 ---p 00000000 00:00 0 
7f2404000000-7f2404021000 rw-p 00000000 00:00 0 
7f2404021000-7f2408000000 ---p 00000000 00:00 0 
7f2408001000-7f240800d000 r--s 0007a000 07:02 5767285                    /home/container/plugins/NoxlConsole.jar
7f240800d000-7f240800e000 ---p 00000000 00:00 0 
7f240800e000-7f240a22f000 rw-p 00000000 00:00 0 
7f240a22f000-7f240a400000 r--s 03cab000 07:02 3443059                    /opt/java/openjdk/jre/lib/rt.jar
7f240a400000-7f240ac00000 rw-p 00000000 00:00 0 
7f240ac00000-7f240ac7d000 rw-p 00000000 00:00 0 
7f240ac7d000-7f240d400000 ---p 00000000 00:00 0 
7f240d400000-7f240d47d000 rw-p 00000000 00:00 0 
7f240d47d000-7f240fbff000 ---p 00000000 00:00 0 
7f240fbff000-7f240fccc000 rw-p 00000000 00:00 0 
7f240fccc000-7f2410fff000 ---p 00000000 00:00 0 
7f2410fff000-7f2411000000 rw-p 00000000 00:00 0 
7f2411000000-7f2412140000 rwxp 00000000 00:00 0 
7f2412140000-7f2420000000 ---p 00000000 00:00 0 
7f2420000000-7f2420831000 rw-p 00000000 00:00 0 
7f2420831000-7f2424000000 ---p 00000000 00:00 0 
7f2424001000-7f2424003000 r--s 00002000 07:02 5899161                    /home/container/plugins/LuckPerms/libs/event-3.0.0-remapped.jar
7f2424003000-7f2424005000 r--s 00016000 07:02 5899160                    /home/container/plugins/LuckPerms/libs/okio-1.17.5-remapped.jar
7f2424005000-7f2424009000 r--s 00024000 07:02 5899158                    /home/container/plugins/LuckPerms/libs/adventure-platform-bukkit-4.13.2-remapped.jar
7f2424009000-7f242400b000 r--p 00000000 07:02 3445737                    /usr/lib/x86_64-linux-gnu/libnss_dns-2.31.so
7f242400b000-7f242400f000 r-xp 00002000 07:02 3445737                    /usr/lib/x86_64-linux-gnu/libnss_dns-2.31.so
7f242400f000-7f2424010000 r--p 00006000 07:02 3445737                    /usr/lib/x86_64-linux-gnu/libnss_dns-2.31.so
7f2424010000-7f2424011000 r--p 00006000 07:02 3445737                    /usr/lib/x86_64-linux-gnu/libnss_dns-2.31.so
7f2424011000-7f2424012000 rw-p 00007000 07:02 3445737                    /usr/lib/x86_64-linux-gnu/libnss_dns-2.31.so
7f2424012000-7f242402e000 r--s 00393000 07:02 3443017                    /opt/java/openjdk/jre/lib/ext/cldrdata.jar
7f242402e000-7f2424039000 r--s 00116000 07:02 3443020                    /opt/java/openjdk/jre/lib/ext/localedata.jar
7f2424039000-7f2424054000 r--s 001d6000 07:02 3443022                    /opt/java/openjdk/jre/lib/ext/nashorn.jar
7f2424054000-7f2424057000 ---p 00000000 00:00 0 
7f2424057000-7f242408d000 rw-p 00000000 00:00 0 
7f242408d000-7f242409e000 r--s 001c5000 07:02 3443045                    /opt/java/openjdk/jre/lib/jsse.jar
7f242409e000-7f24240a6000 r--s 01296000 07:02 5767236                    /home/container/server.jar
7f24240a6000-7f24240ac000 r--s 000d3000 07:02 3443044                    /opt/java/openjdk/jre/lib/jfr.jar
7f24240ac000-7f2424423000 rw-p 00000000 00:00 0 
7f2424423000-7f2424424000 ---p 00000000 00:00 0 
7f2424424000-7f2424524000 rw-p 00000000 00:00 0 
7f2424524000-7f2424525000 ---p 00000000 00:00 0 
7f2424525000-7f2424625000 rw-p 00000000 00:00 0 
7f2424625000-7f2424626000 ---p 00000000 00:00 0 
7f2424626000-7f2424726000 rw-p 00000000 00:00 0 
7f2424726000-7f2424727000 ---p 00000000 00:00 0 
7f2424727000-7f2424827000 rw-p 00000000 00:00 0 
7f2424827000-7f2424828000 ---p 00000000 00:00 0 
7f2424828000-7f2424928000 rw-p 00000000 00:00 0 
7f2424928000-7f2424929000 ---p 00000000 00:00 0 
7f2424929000-7f2424a29000 rw-p 00000000 00:00 0 
7f2424a29000-7f2424a2a000 ---p 00000000 00:00 0 
7f2424a2a000-7f2424b2a000 rw-p 00000000 00:00 0 
7f2424b2a000-7f2424b2b000 ---p 00000000 00:00 0 
7f2424b2b000-7f2424c2b000 rw-p 00000000 00:00 0 
7f2424c2b000-7f2424c2c000 ---p 00000000 00:00 0 
7f2424c2c000-7f2424d2c000 rw-p 00000000 00:00 0 
7f2424d2c000-7f2424d2d000 ---p 00000000 00:00 0 
7f2424d2d000-7f2424e72000 rw-p 00000000 00:00 0 
7f2424e72000-7f24251ed000 ---p 00000000 00:00 0 
7f24251ed000-7f2425208000 r-xp 00000000 07:02 3442999                    /opt/java/openjdk/jre/lib/amd64/libzip.so
7f2425208000-7f2425407000 ---p 0001b000 07:02 3442999                    /opt/java/openjdk/jre/lib/amd64/libzip.so
7f2425407000-7f2425408000 r--p 0001a000 07:02 3442999                    /opt/java/openjdk/jre/lib/amd64/libzip.so
7f2425408000-7f2425409000 rw-p 0001b000 07:02 3442999                    /opt/java/openjdk/jre/lib/amd64/libzip.so
7f2425409000-7f2425411000 rw-p 00000000 00:00 0 
7f2425411000-7f2425414000 r--p 00000000 07:02 3445739                    /usr/lib/x86_64-linux-gnu/libnss_files-2.31.so
7f2425414000-7f242541b000 r-xp 00003000 07:02 3445739                    /usr/lib/x86_64-linux-gnu/libnss_files-2.31.so
7f242541b000-7f242541d000 r--p 0000a000 07:02 3445739                    /usr/lib/x86_64-linux-gnu/libnss_files-2.31.so
7f242541d000-7f242541e000 r--p 0000b000 07:02 3445739                    /usr/lib/x86_64-linux-gnu/libnss_files-2.31.so
7f242541e000-7f242541f000 rw-p 0000c000 07:02 3445739                    /usr/lib/x86_64-linux-gnu/libnss_files-2.31.so
7f242541f000-7f2425425000 rw-p 00000000 00:00 0 
7f2425426000-7f2425428000 r--s 0000a000 07:02 5899148                    /home/container/plugins/LuckPerms/libs/adventure-platform-4.13.0-remapped.jar
7f2425428000-7f2425451000 r-xp 00000000 07:02 3442978                    /opt/java/openjdk/jre/lib/amd64/libjava.so
7f2425451000-7f2425650000 ---p 00029000 07:02 3442978                    /opt/java/openjdk/jre/lib/amd64/libjava.so
7f2425650000-7f2425651000 r--p 00028000 07:02 3442978                    /opt/java/openjdk/jre/lib/amd64/libjava.so
7f2425651000-7f2425653000 rw-p 00029000 07:02 3442978                    /opt/java/openjdk/jre/lib/amd64/libjava.so
7f2425653000-7f2425660000 r-xp 00000000 07:02 3442998                    /opt/java/openjdk/jre/lib/amd64/libverify.so
7f2425660000-7f242585f000 ---p 0000d000 07:02 3442998                    /opt/java/openjdk/jre/lib/amd64/libverify.so
7f242585f000-7f2425861000 r--p 0000c000 07:02 3442998                    /opt/java/openjdk/jre/lib/amd64/libverify.so
7f2425861000-7f2425862000 rw-p 0000e000 07:02 3442998                    /opt/java/openjdk/jre/lib/amd64/libverify.so
7f2425862000-7f2425865000 r--p 00000000 07:02 3445782                    /usr/lib/x86_64-linux-gnu/librt-2.31.so
7f2425865000-7f2425869000 r-xp 00003000 07:02 3445782                    /usr/lib/x86_64-linux-gnu/librt-2.31.so
7f2425869000-7f242586a000 r--p 00007000 07:02 3445782                    /usr/lib/x86_64-linux-gnu/librt-2.31.so
7f242586a000-7f242586b000 ---p 00008000 07:02 3445782                    /usr/lib/x86_64-linux-gnu/librt-2.31.so
7f242586b000-7f242586c000 r--p 00008000 07:02 3445782                    /usr/lib/x86_64-linux-gnu/librt-2.31.so
7f242586c000-7f242586d000 rw-p 00009000 07:02 3445782                    /usr/lib/x86_64-linux-gnu/librt-2.31.so
7f242586d000-7f242586e000 ---p 00000000 00:00 0 
7f242586e000-7f2425871000 ---p 00000000 00:00 0 
7f2425871000-7f242596e000 rw-p 00000000 00:00 0 
7f242596e000-7f242597d000 r--p 00000000 07:02 3445710                    /usr/lib/x86_64-linux-gnu/libm-2.31.so
7f242597d000-7f2425a24000 r-xp 0000f000 07:02 3445710                    /usr/lib/x86_64-linux-gnu/libm-2.31.so
7f2425a24000-7f2425abb000 r--p 000b6000 07:02 3445710                    /usr/lib/x86_64-linux-gnu/libm-2.31.so
7f2425abb000-7f2425abc000 r--p 0014c000 07:02 3445710                    /usr/lib/x86_64-linux-gnu/libm-2.31.so
7f2425abc000-7f2425abd000 rw-p 0014d000 07:02 3445710                    /usr/lib/x86_64-linux-gnu/libm-2.31.so
7f2425abd000-7f2426812000 r-xp 00000000 07:02 3443003                    /opt/java/openjdk/jre/lib/amd64/server/libjvm.so
7f2426812000-7f2426a11000 ---p 00d55000 07:02 3443003                    /opt/java/openjdk/jre/lib/amd64/server/libjvm.so
7f2426a11000-7f2426aa8000 r--p 00d54000 07:02 3443003                    /opt/java/openjdk/jre/lib/amd64/server/libjvm.so
7f2426aa8000-7f2426ad1000 rw-p 00deb000 07:02 3443003                    /opt/java/openjdk/jre/lib/amd64/server/libjvm.so
7f2426ad1000-7f2426b06000 rw-p 00000000 00:00 0 
7f2426b06000-7f2426b2b000 r--p 00000000 07:02 3445611                    /usr/lib/x86_64-linux-gnu/libc-2.31.so
7f2426b2b000-7f2426ca3000 r-xp 00025000 07:02 3445611                    /usr/lib/x86_64-linux-gnu/libc-2.31.so
7f2426ca3000-7f2426ced000 r--p 0019d000 07:02 3445611                    /usr/lib/x86_64-linux-gnu/libc-2.31.so
7f2426ced000-7f2426cee000 ---p 001e7000 07:02 3445611                    /usr/lib/x86_64-linux-gnu/libc-2.31.so
7f2426cee000-7f2426cf1000 r--p 001e7000 07:02 3445611                    /usr/lib/x86_64-linux-gnu/libc-2.31.so
7f2426cf1000-7f2426cf4000 rw-p 001ea000 07:02 3445611                    /usr/lib/x86_64-linux-gnu/libc-2.31.so
7f2426cf4000-7f2426cf8000 rw-p 00000000 00:00 0 
7f2426cf8000-7f2426cf9000 r--p 00000000 07:02 3445632                    /usr/lib/x86_64-linux-gnu/libdl-2.31.so
7f2426cf9000-7f2426cfb000 r-xp 00001000 07:02 3445632                    /usr/lib/x86_64-linux-gnu/libdl-2.31.so
7f2426cfb000-7f2426cfc000 r--p 00003000 07:02 3445632                    /usr/lib/x86_64-linux-gnu/libdl-2.31.so
7f2426cfc000-7f2426cfd000 r--p 00003000 07:02 3445632                    /usr/lib/x86_64-linux-gnu/libdl-2.31.so
7f2426cfd000-7f2426cfe000 rw-p 00004000 07:02 3445632                    /usr/lib/x86_64-linux-gnu/libdl-2.31.so
7f2426cfe000-7f2426d15000 r-xp 00000000 07:02 3443077                    /opt/java/openjdk/lib/amd64/jli/libjli.so
7f2426d15000-7f2426f14000 ---p 00017000 07:02 3443077                    /opt/java/openjdk/lib/amd64/jli/libjli.so
7f2426f14000-7f2426f15000 r--p 00016000 07:02 3443077                    /opt/java/openjdk/lib/amd64/jli/libjli.so
7f2426f15000-7f2426f16000 rw-p 00017000 07:02 3443077                    /opt/java/openjdk/lib/amd64/jli/libjli.so
7f2426f16000-7f2426f1d000 r--p 00000000 07:02 3445774                    /usr/lib/x86_64-linux-gnu/libpthread-2.31.so
7f2426f1d000-7f2426f2e000 r-xp 00007000 07:02 3445774                    /usr/lib/x86_64-linux-gnu/libpthread-2.31.so
7f2426f2e000-7f2426f33000 r--p 00018000 07:02 3445774                    /usr/lib/x86_64-linux-gnu/libpthread-2.31.so
7f2426f33000-7f2426f34000 r--p 0001c000 07:02 3445774                    /usr/lib/x86_64-linux-gnu/libpthread-2.31.so
7f2426f34000-7f2426f35000 rw-p 0001d000 07:02 3445774                    /usr/lib/x86_64-linux-gnu/libpthread-2.31.so
7f2426f35000-7f2426f3b000 rw-p 00000000 00:00 0 
7f2426f3b000-7f2426f3d000 r--s 00016000 07:02 3443039                    /opt/java/openjdk/jre/lib/jce.jar
7f2426f3d000-7f2426f3e000 rw-p 00000000 00:00 0 
7f2426f3e000-7f2426f3f000 r--p 00000000 07:02 3445567                    /usr/lib/x86_64-linux-gnu/ld-2.31.so
7f2426f3f000-7f2426f62000 r-xp 00001000 07:02 3445567                    /usr/lib/x86_64-linux-gnu/ld-2.31.so
7f2426f62000-7f2426f6a000 r--p 00024000 07:02 3445567                    /usr/lib/x86_64-linux-gnu/ld-2.31.so
7f2426f6a000-7f2426f6b000 r--p 00000000 00:00 0 
7f2426f6b000-7f2426f6c000 r--p 0002c000 07:02 3445567                    /usr/lib/x86_64-linux-gnu/ld-2.31.so
7f2426f6c000-7f2426f6d000 rw-p 0002d000 07:02 3445567                    /usr/lib/x86_64-linux-gnu/ld-2.31.so
7f2426f6d000-7f2426f6e000 rw-p 00000000 00:00 0 
7ffd43a91000-7ffd43ab2000 rw-p 00000000 00:00 0                          [stack]
7ffd43be6000-7ffd43bea000 r--p 00000000 00:00 0                          [vvar]
7ffd43bea000-7ffd43bec000 r-xp 00000000 00:00 0                          [vdso]
ffffffffff600000-ffffffffff601000 --xp 00000000 00:00 0                  [vsyscall]

VM Arguments:
jvm_args: -Xms128M -XX:MaxRAMPercentage=95.0 -Dterminal.jline=false -Dterminal.ansi=true 
java_command: server.jar
java_class_path (initial): server.jar
Launcher Type: SUN_STANDARD

Environment Variables:
JAVA_HOME=/opt/java/openjdk
PATH=/opt/java/openjdk/bin:/usr/local/sbin:/usr/local/bin:/usr/sbin:/usr/bin:/sbin:/bin

Signal Handlers:
SIGSEGV: [libjvm.so+0xb32300], sa_mask[0]=11111111011111111101111111111110, sa_flags=SA_RESTART|SA_SIGINFO
SIGBUS: [libjvm.so+0xb32300], sa_mask[0]=11111111011111111101111111111110, sa_flags=SA_RESTART|SA_SIGINFO
SIGFPE: [libjvm.so+0x95c440], sa_mask[0]=11111111011111111101111111111110, sa_flags=SA_RESTART|SA_SIGINFO
SIGPIPE: [libjvm.so+0x95c440], sa_mask[0]=11111111011111111101111111111110, sa_flags=SA_RESTART|SA_SIGINFO
SIGXFSZ: [libjvm.so+0x95c440], sa_mask[0]=11111111011111111101111111111110, sa_flags=SA_RESTART|SA_SIGINFO
SIGILL: [libjvm.so+0x95c440], sa_mask[0]=11111111011111111101111111111110, sa_flags=SA_RESTART|SA_SIGINFO
SIGUSR1: SIG_DFL, sa_mask[0]=00000000000000000000000000000000, sa_flags=none
SIGUSR2: [libjvm.so+0x95c310], sa_mask[0]=00000000000000000000000000000000, sa_flags=SA_RESTART|SA_SIGINFO
SIGHUP: [libjvm.so+0x95c930], sa_mask[0]=11111111011111111101111111111110, sa_flags=SA_RESTART|SA_SIGINFO
SIGINT: [libjvm.so+0x95c930], sa_mask[0]=11111111011111111101111111111110, sa_flags=SA_RESTART|SA_SIGINFO
SIGTERM: [libjvm.so+0x95c930], sa_mask[0]=11111111011111111101111111111110, sa_flags=SA_RESTART|SA_SIGINFO
SIGQUIT: [libjvm.so+0x95c930], sa_mask[0]=11111111011111111101111111111110, sa_flags=SA_RESTART|SA_SIGINFO


---------------  S Y S T E M  ---------------

OS:DISTRIB_ID=Ubuntu
DISTRIB_RELEASE=20.04
DISTRIB_CODENAME=focal
DISTRIB_DESCRIPTION="Ubuntu 20.04.3 LTS"

uname:Linux 5.15.143-1-pve #1 SMP PVE 5.15.143-1 (2024-02-08T18:12Z) x86_64
libc:glibc 2.31 NPTL 2.31 
rlimit: STACK 8192k, CORE infinity, NPROC 514775, NOFILE 256000, AS infinity
load average:0.94 0.58 0.40

/proc/meminfo:
MemTotal:       131841852 kB
MemFree:         2769356 kB
MemAvailable:   95583508 kB
Buffers:         4277464 kB
Cached:         90063552 kB
SwapCached:          380 kB
Active:         12377244 kB
Inactive:       111599900 kB
Active(anon):     169940 kB
Inactive(anon): 29880684 kB
Active(file):   12207304 kB
Inactive(file): 81719216 kB
Unevictable:       12012 kB
Mlocked:           12012 kB
SwapTotal:        999420 kB
SwapFree:         984572 kB
Dirty:           1017156 kB
Writeback:             0 kB
AnonPages:      29648100 kB
Mapped:          1470652 kB
Shmem:            404200 kB
KReclaimable:    3600204 kB
Slab:            4132508 kB
SReclaimable:    3600204 kB
SUnreclaim:       532304 kB
KernelStack:       31312 kB
PageTables:       106860 kB
NFS_Unstable:          0 kB
Bounce:                0 kB
WritebackTmp:          0 kB
CommitLimit:    66846616 kB
Committed_AS:   47144604 kB
VmallocTotal:   34359738367 kB
VmallocUsed:      219212 kB
VmallocChunk:          0 kB
Percpu:           120064 kB
HardwareCorrupted:     0 kB
AnonHugePages:         0 kB
ShmemHugePages:        0 kB
ShmemPmdMapped:        0 kB
FileHugePages:         0 kB
FilePmdMapped:         0 kB
HugePages_Total:      72
HugePages_Free:       64
HugePages_Rsvd:       64
HugePages_Surp:        0
Hugepagesize:       2048 kB
Hugetlb:          147456 kB
DirectMap4k:     1710648 kB
DirectMap2M:    34932736 kB
DirectMap1G:    97517568 kB


CPU:total 16 (initial active 12) (16 cores per cpu, 1 threads per core) family 23 model 113 stepping 0, cmov, cx8, fxsr, mmx, sse, sse2, sse3, ssse3, sse4.1, sse4.2, popcnt, avx, avx2, aes, clmul, mmxext, 3dnowpref, lzcnt, sse4a, tsc, tscinvbit, tscinv, bmi1

/proc/cpuinfo:
processor	: 0
vendor_id	: AuthenticAMD
cpu family	: 23
model		: 113
model name	: AMD Ryzen 7 3700X 8-Core Processor
stepping	: 0
microcode	: 0x8701021
cpu MHz		: 4176.821
cache size	: 512 KB
physical id	: 0
siblings	: 16
core id		: 0
cpu cores	: 8
apicid		: 0
initial apicid	: 0
fpu		: yes
fpu_exception	: yes
cpuid level	: 16
wp		: yes
flags		: fpu vme de pse tsc msr pae mce cx8 apic sep mtrr pge mca cmov pat pse36 clflush mmx fxsr sse sse2 ht syscall nx mmxext fxsr_opt pdpe1gb rdtscp lm constant_tsc rep_good nopl nonstop_tsc cpuid extd_apicid aperfmperf rapl pni pclmulqdq monitor ssse3 fma cx16 sse4_1 sse4_2 movbe popcnt aes xsave avx f16c rdrand lahf_lm cmp_legacy svm extapic cr8_legacy abm sse4a misalignsse 3dnowprefetch osvw ibs skinit wdt tce topoext perfctr_core perfctr_nb bpext perfctr_llc mwaitx cpb cat_l3 cdp_l3 hw_pstate ssbd mba ibpb stibp vmmcall fsgsbase bmi1 avx2 smep bmi2 cqm rdt_a rdseed adx smap clflushopt clwb sha_ni xsaveopt xsavec xgetbv1 cqm_llc cqm_occup_llc cqm_mbm_total cqm_mbm_local clzero irperf xsaveerptr rdpru wbnoinvd arat npt lbrv svm_lock nrip_save tsc_scale vmcb_clean flushbyasid decodeassists pausefilter pfthreshold avic v_vmsave_vmload vgif v_spec_ctrl umip rdpid overflow_recov succor smca sme sev sev_es
bugs		: sysret_ss_attrs spectre_v1 spectre_v2 spec_store_bypass retbleed smt_rsb srso
bogomips	: 7186.60
TLB size	: 3072 4K pages
clflush size	: 64
cache_alignment	: 64
address sizes	: 43 bits physical, 48 bits virtual
power management: ts ttp tm hwpstate cpb eff_freq_ro [13] [14]

processor	: 1
vendor_id	: AuthenticAMD
cpu family	: 23
model		: 113
model name	: AMD Ryzen 7 3700X 8-Core Processor
stepping	: 0
microcode	: 0x8701021
cpu MHz		: 4176.704
cache size	: 512 KB
physical id	: 0
siblings	: 16
core id		: 1
cpu cores	: 8
apicid		: 2
initial apicid	: 2
fpu		: yes
fpu_exception	: yes
cpuid level	: 16
wp		: yes
flags		: fpu vme de pse tsc msr pae mce cx8 apic sep mtrr pge mca cmov pat pse36 clflush mmx fxsr sse sse2 ht syscall nx mmxext fxsr_opt pdpe1gb rdtscp lm constant_tsc rep_good nopl nonstop_tsc cpuid extd_apicid aperfmperf rapl pni pclmulqdq monitor ssse3 fma cx16 sse4_1 sse4_2 movbe popcnt aes xsave avx f16c rdrand lahf_lm cmp_legacy svm extapic cr8_legacy abm sse4a misalignsse 3dnowprefetch osvw ibs skinit wdt tce topoext perfctr_core perfctr_nb bpext perfctr_llc mwaitx cpb cat_l3 cdp_l3 hw_pstate ssbd mba ibpb stibp vmmcall fsgsbase bmi1 avx2 smep bmi2 cqm rdt_a rdseed adx smap clflushopt clwb sha_ni xsaveopt xsavec xgetbv1 cqm_llc cqm_occup_llc cqm_mbm_total cqm_mbm_local clzero irperf xsaveerptr rdpru wbnoinvd arat npt lbrv svm_lock nrip_save tsc_scale vmcb_clean flushbyasid decodeassists pausefilter pfthreshold avic v_vmsave_vmload vgif v_spec_ctrl umip rdpid overflow_recov succor smca sme sev sev_es
bugs		: sysret_ss_attrs spectre_v1 spectre_v2 spec_store_bypass retbleed smt_rsb srso
bogomips	: 7186.60
TLB size	: 3072 4K pages
clflush size	: 64
cache_alignment	: 64
address sizes	: 43 bits physical, 48 bits virtual
power management: ts ttp tm hwpstate cpb eff_freq_ro [13] [14]

processor	: 2
vendor_id	: AuthenticAMD
cpu family	: 23
model		: 113
model name	: AMD Ryzen 7 3700X 8-Core Processor
stepping	: 0
microcode	: 0x8701021
cpu MHz		: 3600.000
cache size	: 512 KB
physical id	: 0
siblings	: 16
core id		: 2
cpu cores	: 8
apicid		: 4
initial apicid	: 4
fpu		: yes
fpu_exception	: yes
cpuid level	: 16
wp		: yes
flags		: fpu vme de pse tsc msr pae mce cx8 apic sep mtrr pge mca cmov pat pse36 clflush mmx fxsr sse sse2 ht syscall nx mmxext fxsr_opt pdpe1gb rdtscp lm constant_tsc rep_good nopl nonstop_tsc cpuid extd_apicid aperfmperf rapl pni pclmulqdq monitor ssse3 fma cx16 sse4_1 sse4_2 movbe popcnt aes xsave avx f16c rdrand lahf_lm cmp_legacy svm extapic cr8_legacy abm sse4a misalignsse 3dnowprefetch osvw ibs skinit wdt tce topoext perfctr_core perfctr_nb bpext perfctr_llc mwaitx cpb cat_l3 cdp_l3 hw_pstate ssbd mba ibpb stibp vmmcall fsgsbase bmi1 avx2 smep bmi2 cqm rdt_a rdseed adx smap clflushopt clwb sha_ni xsaveopt xsavec xgetbv1 cqm_llc cqm_occup_llc cqm_mbm_total cqm_mbm_local clzero irperf xsaveerptr rdpru wbnoinvd arat npt lbrv svm_lock nrip_save tsc_scale vmcb_clean flushbyasid decodeassists pausefilter pfthreshold avic v_vmsave_vmload vgif v_spec_ctrl umip rdpid overflow_recov succor smca sme sev sev_es
bugs		: sysret_ss_attrs spectre_v1 spectre_v2 spec_store_bypass retbleed smt_rsb srso
bogomips	: 7186.60
TLB size	: 3072 4K pages
clflush size	: 64
cache_alignment	: 64
address sizes	: 43 bits physical, 48 bits virtual
power management: ts ttp tm hwpstate cpb eff_freq_ro [13] [14]

processor	: 3
vendor_id	: AuthenticAMD
cpu family	: 23
model		: 113
model name	: AMD Ryzen 7 3700X 8-Core Processor
stepping	: 0
microcode	: 0x8701021
cpu MHz		: 4133.587
cache size	: 512 KB
physical id	: 0
siblings	: 16
core id		: 3
cpu cores	: 8
apicid		: 6
initial apicid	: 6
fpu		: yes
fpu_exception	: yes
cpuid level	: 16
wp		: yes
flags		: fpu vme de pse tsc msr pae mce cx8 apic sep mtrr pge mca cmov pat pse36 clflush mmx fxsr sse sse2 ht syscall nx mmxext fxsr_opt pdpe1gb rdtscp lm constant_tsc rep_good nopl nonstop_tsc cpuid extd_apicid aperfmperf rapl pni pclmulqdq monitor ssse3 fma cx16 sse4_1 sse4_2 movbe popcnt aes xsave avx f16c rdrand lahf_lm cmp_legacy svm extapic cr8_legacy abm sse4a misalignsse 3dnowprefetch osvw ibs skinit wdt tce topoext perfctr_core perfctr_nb bpext perfctr_llc mwaitx cpb cat_l3 cdp_l3 hw_pstate ssbd mba ibpb stibp vmmcall fsgsbase bmi1 avx2 smep bmi2 cqm rdt_a rdseed adx smap clflushopt clwb sha_ni xsaveopt xsavec xgetbv1 cqm_llc cqm_occup_llc cqm_mbm_total cqm_mbm_local clzero irperf xsaveerptr rdpru wbnoinvd arat npt lbrv svm_lock nrip_save tsc_scale vmcb_clean flushbyasid decodeassists pausefilter pfthreshold avic v_vmsave_vmload vgif v_spec_ctrl umip rdpid overflow_recov succor smca sme sev sev_es
bugs		: sysret_ss_attrs spectre_v1 spectre_v2 spec_store_bypass retbleed smt_rsb srso
bogomips	: 7186.60
TLB size	: 3072 4K pages
clflush size	: 64
cache_alignment	: 64
address sizes	: 43 bits physical, 48 bits virtual
power management: ts ttp tm hwpstate cpb eff_freq_ro [13] [14]

processor	: 4
vendor_id	: AuthenticAMD
cpu family	: 23
model		: 113
model name	: AMD Ryzen 7 3700X 8-Core Processor
stepping	: 0
microcode	: 0x8701021
cpu MHz		: 3600.000
cache size	: 512 KB
physical id	: 0
siblings	: 16
core id		: 4
cpu cores	: 8
apicid		: 8
initial apicid	: 8
fpu		: yes
fpu_exception	: yes
cpuid level	: 16
wp		: yes
flags		: fpu vme de pse tsc msr pae mce cx8 apic sep mtrr pge mca cmov pat pse36 clflush mmx fxsr sse sse2 ht syscall nx mmxext fxsr_opt pdpe1gb rdtscp lm constant_tsc rep_good nopl nonstop_tsc cpuid extd_apicid aperfmperf rapl pni pclmulqdq monitor ssse3 fma cx16 sse4_1 sse4_2 movbe popcnt aes xsave avx f16c rdrand lahf_lm cmp_legacy svm extapic cr8_legacy abm sse4a misalignsse 3dnowprefetch osvw ibs skinit wdt tce topoext perfctr_core perfctr_nb bpext perfctr_llc mwaitx cpb cat_l3 cdp_l3 hw_pstate ssbd mba ibpb stibp vmmcall fsgsbase bmi1 avx2 smep bmi2 cqm rdt_a rdseed adx smap clflushopt clwb sha_ni xsaveopt xsavec xgetbv1 cqm_llc cqm_occup_llc cqm_mbm_total cqm_mbm_local clzero irperf xsaveerptr rdpru wbnoinvd arat npt lbrv svm_lock nrip_save tsc_scale vmcb_clean flushbyasid decodeassists pausefilter pfthreshold avic v_vmsave_vmload vgif v_spec_ctrl umip rdpid overflow_recov succor smca sme sev sev_es
bugs		: sysret_ss_attrs spectre_v1 spectre_v2 spec_store_bypass retbleed smt_rsb srso
bogomips	: 7186.60
TLB size	: 3072 4K pages
clflush size	: 64
cache_alignment	: 64
address sizes	: 43 bits physical, 48 bits virtual
power management: ts ttp tm hwpstate cpb eff_freq_ro [13] [14]

processor	: 5
vendor_id	: AuthenticAMD
cpu family	: 23
model		: 113
model name	: AMD Ryzen 7 3700X 8-Core Processor
stepping	: 0
microcode	: 0x8701021
cpu MHz		: 3600.000
cache size	: 512 KB
physical id	: 0
siblings	: 16
core id		: 5
cpu cores	: 8
apicid		: 10
initial apicid	: 10
fpu		: yes
fpu_exception	: yes
cpuid level	: 16
wp		: yes
flags		: fpu vme de pse tsc msr pae mce cx8 apic sep mtrr pge mca cmov pat pse36 clflush mmx fxsr sse sse2 ht syscall nx mmxext fxsr_opt pdpe1gb rdtscp lm constant_tsc rep_good nopl nonstop_tsc cpuid extd_apicid aperfmperf rapl pni pclmulqdq monitor ssse3 fma cx16 sse4_1 sse4_2 movbe popcnt aes xsave avx f16c rdrand lahf_lm cmp_legacy svm extapic cr8_legacy abm sse4a misalignsse 3dnowprefetch osvw ibs skinit wdt tce topoext perfctr_core perfctr_nb bpext perfctr_llc mwaitx cpb cat_l3 cdp_l3 hw_pstate ssbd mba ibpb stibp vmmcall fsgsbase bmi1 avx2 smep bmi2 cqm rdt_a rdseed adx smap clflushopt clwb sha_ni xsaveopt xsavec xgetbv1 cqm_llc cqm_occup_llc cqm_mbm_total cqm_mbm_local clzero irperf xsaveerptr rdpru wbnoinvd arat npt lbrv svm_lock nrip_save tsc_scale vmcb_clean flushbyasid decodeassists pausefilter pfthreshold avic v_vmsave_vmload vgif v_spec_ctrl umip rdpid overflow_recov succor smca sme sev sev_es
bugs		: sysret_ss_attrs spectre_v1 spectre_v2 spec_store_bypass retbleed smt_rsb srso
bogomips	: 7186.60
TLB size	: 3072 4K pages
clflush size	: 64
cache_alignment	: 64
address sizes	: 43 bits physical, 48 bits virtual
power management: ts ttp tm hwpstate cpb eff_freq_ro [13] [14]

processor	: 6
vendor_id	: AuthenticAMD
cpu family	: 23
model		: 113
model name	: AMD Ryzen 7 3700X 8-Core Processor
stepping	: 0
microcode	: 0x8701021
cpu MHz		: 4181.510
cache size	: 512 KB
physical id	: 0
siblings	: 16
core id		: 6
cpu cores	: 8
apicid		: 12
initial apicid	: 12
fpu		: yes
fpu_exception	: yes
cpuid level	: 16
wp		: yes
flags		: fpu vme de pse tsc msr pae mce cx8 apic sep mtrr pge mca cmov pat pse36 clflush mmx fxsr sse sse2 ht syscall nx mmxext fxsr_opt pdpe1gb rdtscp lm constant_tsc rep_good nopl nonstop_tsc cpuid extd_apicid aperfmperf rapl pni pclmulqdq monitor ssse3 fma cx16 sse4_1 sse4_2 movbe popcnt aes xsave avx f16c rdrand lahf_lm cmp_legacy svm extapic cr8_legacy abm sse4a misalignsse 3dnowprefetch osvw ibs skinit wdt tce topoext perfctr_core perfctr_nb bpext perfctr_llc mwaitx cpb cat_l3 cdp_l3 hw_pstate ssbd mba ibpb stibp vmmcall fsgsbase bmi1 avx2 smep bmi2 cqm rdt_a rdseed adx smap clflushopt clwb sha_ni xsaveopt xsavec xgetbv1 cqm_llc cqm_occup_llc cqm_mbm_total cqm_mbm_local clzero irperf xsaveerptr rdpru wbnoinvd arat npt lbrv svm_lock nrip_save tsc_scale vmcb_clean flushbyasid decodeassists pausefilter pfthreshold avic v_vmsave_vmload vgif v_spec_ctrl umip rdpid overflow_recov succor smca sme sev sev_es
bugs		: sysret_ss_attrs spectre_v1 spectre_v2 spec_store_bypass retbleed smt_rsb srso
bogomips	: 7186.60
TLB size	: 3072 4K pages
clflush size	: 64
cache_alignment	: 64
address sizes	: 43 bits physical, 48 bits virtual
power management: ts ttp tm hwpstate cpb eff_freq_ro [13] [14]

processor	: 7
vendor_id	: AuthenticAMD
cpu family	: 23
model		: 113
model name	: AMD Ryzen 7 3700X 8-Core Processor
stepping	: 0
microcode	: 0x8701021
cpu MHz		: 3600.000
cache size	: 512 KB
physical id	: 0
siblings	: 16
core id		: 7
cpu cores	: 8
apicid		: 14
initial apicid	: 14
fpu		: yes
fpu_exception	: yes
cpuid level	: 16
wp		: yes
flags		: fpu vme de pse tsc msr pae mce cx8 apic sep mtrr pge mca cmov pat pse36 clflush mmx fxsr sse sse2 ht syscall nx mmxext fxsr_opt pdpe1gb rdtscp lm constant_tsc rep_good nopl nonstop_tsc cpuid extd_apicid aperfmperf rapl pni pclmulqdq monitor ssse3 fma cx16 sse4_1 sse4_2 movbe popcnt aes xsave avx f16c rdrand lahf_lm cmp_legacy svm extapic cr8_legacy abm sse4a misalignsse 3dnowprefetch osvw ibs skinit wdt tce topoext perfctr_core perfctr_nb bpext perfctr_llc mwaitx cpb cat_l3 cdp_l3 hw_pstate ssbd mba ibpb stibp vmmcall fsgsbase bmi1 avx2 smep bmi2 cqm rdt_a rdseed adx smap clflushopt clwb sha_ni xsaveopt xsavec xgetbv1 cqm_llc cqm_occup_llc cqm_mbm_total cqm_mbm_local clzero irperf xsaveerptr rdpru wbnoinvd arat npt lbrv svm_lock nrip_save tsc_scale vmcb_clean flushbyasid decodeassists pausefilter pfthreshold avic v_vmsave_vmload vgif v_spec_ctrl umip rdpid overflow_recov succor smca sme sev sev_es
bugs		: sysret_ss_attrs spectre_v1 spectre_v2 spec_store_bypass retbleed smt_rsb srso
bogomips	: 7186.60
TLB size	: 3072 4K pages
clflush size	: 64
cache_alignment	: 64
address sizes	: 43 bits physical, 48 bits virtual
power management: ts ttp tm hwpstate cpb eff_freq_ro [13] [14]

processor	: 8
vendor_id	: AuthenticAMD
cpu family	: 23
model		: 113
model name	: AMD Ryzen 7 3700X 8-Core Processor
stepping	: 0
microcode	: 0x8701021
cpu MHz		: 3600.000
cache size	: 512 KB
physical id	: 0
siblings	: 16
core id		: 0
cpu cores	: 8
apicid		: 1
initial apicid	: 1
fpu		: yes
fpu_exception	: yes
cpuid level	: 16
wp		: yes
flags		: fpu vme de pse tsc msr pae mce cx8 apic sep mtrr pge mca cmov pat pse36 clflush mmx fxsr sse sse2 ht syscall nx mmxext fxsr_opt pdpe1gb rdtscp lm constant_tsc rep_good nopl nonstop_tsc cpuid extd_apicid aperfmperf rapl pni pclmulqdq monitor ssse3 fma cx16 sse4_1 sse4_2 movbe popcnt aes xsave avx f16c rdrand lahf_lm cmp_legacy svm extapic cr8_legacy abm sse4a misalignsse 3dnowprefetch osvw ibs skinit wdt tce topoext perfctr_core perfctr_nb bpext perfctr_llc mwaitx cpb cat_l3 cdp_l3 hw_pstate ssbd mba ibpb stibp vmmcall fsgsbase bmi1 avx2 smep bmi2 cqm rdt_a rdseed adx smap clflushopt clwb sha_ni xsaveopt xsavec xgetbv1 cqm_llc cqm_occup_llc cqm_mbm_total cqm_mbm_local clzero irperf xsaveerptr rdpru wbnoinvd arat npt lbrv svm_lock nrip_save tsc_scale vmcb_clean flushbyasid decodeassists pausefilter pfthreshold avic v_vmsave_vmload vgif v_spec_ctrl umip rdpid overflow_recov succor smca sme sev sev_es
bugs		: sysret_ss_attrs spectre_v1 spectre_v2 spec_store_bypass retbleed smt_rsb srso
bogomips	: 7186.60
TLB size	: 3072 4K pages
clflush size	: 64
cache_alignment	: 64
address sizes	: 43 bits physical, 48 bits virtual
power management: ts ttp tm hwpstate cpb eff_freq_ro [13] [14]

processor	: 9
vendor_id	: AuthenticAMD
cpu family	: 23
model		: 113
model name	: AMD Ryzen 7 3700X 8-Core Processor
stepping	: 0
microcode	: 0x8701021
cpu MHz		: 4175.905
cache size	: 512 KB
physical id	: 0
siblings	: 16
core id		: 1
cpu cores	: 8
apicid		: 3
initial apicid	: 3
fpu		: yes
fpu_exception	: yes
cpuid level	: 16
wp		: yes
flags		: fpu vme de pse tsc msr pae mce cx8 apic sep mtrr pge mca cmov pat pse36 clflush mmx fxsr sse sse2 ht syscall nx mmxext fxsr_opt pdpe1gb rdtscp lm constant_tsc rep_good nopl nonstop_tsc cpuid extd_apicid aperfmperf rapl pni pclmulqdq monitor ssse3 fma cx16 sse4_1 sse4_2 movbe popcnt aes xsave avx f16c rdrand lahf_lm cmp_legacy svm extapic cr8_legacy abm sse4a misalignsse 3dnowprefetch osvw ibs skinit wdt tce topoext perfctr_core perfctr_nb bpext perfctr_llc mwaitx cpb cat_l3 cdp_l3 hw_pstate ssbd mba ibpb stibp vmmcall fsgsbase bmi1 avx2 smep bmi2 cqm rdt_a rdseed adx smap clflushopt clwb sha_ni xsaveopt xsavec xgetbv1 cqm_llc cqm_occup_llc cqm_mbm_total cqm_mbm_local clzero irperf xsaveerptr rdpru wbnoinvd arat npt lbrv svm_lock nrip_save tsc_scale vmcb_clean flushbyasid decodeassists pausefilter pfthreshold avic v_vmsave_vmload vgif v_spec_ctrl umip rdpid overflow_recov succor smca sme sev sev_es
bugs		: sysret_ss_attrs spectre_v1 spectre_v2 spec_store_bypass retbleed smt_rsb srso
bogomips	: 7186.60
TLB size	: 3072 4K pages
clflush size	: 64
cache_alignment	: 64
address sizes	: 43 bits physical, 48 bits virtual
power management: ts ttp tm hwpstate cpb eff_freq_ro [13] [14]

processor	: 10
vendor_id	: AuthenticAMD
cpu family	: 23
model		: 113
model name	: AMD Ryzen 7 3700X 8-Core Processor
stepping	: 0
microcode	: 0x8701021
cpu MHz		: 3600.000
cache size	: 512 KB
physical id	: 0
siblings	: 16
core id		: 2
cpu cores	: 8
apicid		: 5
initial apicid	: 5
fpu		: yes
fpu_exception	: yes
cpuid level	: 16
wp		: yes
flags		: fpu vme de pse tsc msr pae mce cx8 apic sep mtrr pge mca cmov pat pse36 clflush mmx fxsr sse sse2 ht syscall nx mmxext fxsr_opt pdpe1gb rdtscp lm constant_tsc rep_good nopl nonstop_tsc cpuid extd_apicid aperfmperf rapl pni pclmulqdq monitor ssse3 fma cx16 sse4_1 sse4_2 movbe popcnt aes xsave avx f16c rdrand lahf_lm cmp_legacy svm extapic cr8_legacy abm sse4a misalignsse 3dnowprefetch osvw ibs skinit wdt tce topoext perfctr_core perfctr_nb bpext perfctr_llc mwaitx cpb cat_l3 cdp_l3 hw_pstate ssbd mba ibpb stibp vmmcall fsgsbase bmi1 avx2 smep bmi2 cqm rdt_a rdseed adx smap clflushopt clwb sha_ni xsaveopt xsavec xgetbv1 cqm_llc cqm_occup_llc cqm_mbm_total cqm_mbm_local clzero irperf xsaveerptr rdpru wbnoinvd arat npt lbrv svm_lock nrip_save tsc_scale vmcb_clean flushbyasid decodeassists pausefilter pfthreshold avic v_vmsave_vmload vgif v_spec_ctrl umip rdpid overflow_recov succor smca sme sev sev_es
bugs		: sysret_ss_attrs spectre_v1 spectre_v2 spec_store_bypass retbleed smt_rsb srso
bogomips	: 7186.60
TLB size	: 3072 4K pages
clflush size	: 64
cache_alignment	: 64
address sizes	: 43 bits physical, 48 bits virtual
power management: ts ttp tm hwpstate cpb eff_freq_ro [13] [14]

processor	: 11
vendor_id	: AuthenticAMD
cpu family	: 23
model		: 113
model name	: AMD Ryzen 7 3700X 8-Core Processor
stepping	: 0
microcode	: 0x8701021
cpu MHz		: 3600.000
cache size	: 512 KB
physical id	: 0
siblings	: 16
core id		: 3
cpu cores	: 8
apicid		: 7
initial apicid	: 7
fpu		: yes
fpu_exception	: yes
cpuid level	: 16
wp		: yes
flags		: fpu vme de pse tsc msr pae mce cx8 apic sep mtrr pge mca cmov pat pse36 clflush mmx fxsr sse sse2 ht syscall nx mmxext fxsr_opt pdpe1gb rdtscp lm constant_tsc rep_good nopl nonstop_tsc cpuid extd_apicid aperfmperf rapl pni pclmulqdq monitor ssse3 fma cx16 sse4_1 sse4_2 movbe popcnt aes xsave avx f16c rdrand lahf_lm cmp_legacy svm extapic cr8_legacy abm sse4a misalignsse 3dnowprefetch osvw ibs skinit wdt tce topoext perfctr_core perfctr_nb bpext perfctr_llc mwaitx cpb cat_l3 cdp_l3 hw_pstate ssbd mba ibpb stibp vmmcall fsgsbase bmi1 avx2 smep bmi2 cqm rdt_a rdseed adx smap clflushopt clwb sha_ni xsaveopt xsavec xgetbv1 cqm_llc cqm_occup_llc cqm_mbm_total cqm_mbm_local clzero irperf xsaveerptr rdpru wbnoinvd arat npt lbrv svm_lock nrip_save tsc_scale vmcb_clean flushbyasid decodeassists pausefilter pfthreshold avic v_vmsave_vmload vgif v_spec_ctrl umip rdpid overflow_recov succor smca sme sev sev_es
bugs		: sysret_ss_attrs spectre_v1 spectre_v2 spec_store_bypass retbleed smt_rsb srso
bogomips	: 7186.60
TLB size	: 3072 4K pages
clflush size	: 64
cache_alignment	: 64
address sizes	: 43 bits physical, 48 bits virtual
power management: ts ttp tm hwpstate cpb eff_freq_ro [13] [14]

processor	: 12
vendor_id	: AuthenticAMD
cpu family	: 23
model		: 113
model name	: AMD Ryzen 7 3700X 8-Core Processor
stepping	: 0
microcode	: 0x8701021
cpu MHz		: 3600.000
cache size	: 512 KB
physical id	: 0
siblings	: 16
core id		: 4
cpu cores	: 8
apicid		: 9
initial apicid	: 9
fpu		: yes
fpu_exception	: yes
cpuid level	: 16
wp		: yes
flags		: fpu vme de pse tsc msr pae mce cx8 apic sep mtrr pge mca cmov pat pse36 clflush mmx fxsr sse sse2 ht syscall nx mmxext fxsr_opt pdpe1gb rdtscp lm constant_tsc rep_good nopl nonstop_tsc cpuid extd_apicid aperfmperf rapl pni pclmulqdq monitor ssse3 fma cx16 sse4_1 sse4_2 movbe popcnt aes xsave avx f16c rdrand lahf_lm cmp_legacy svm extapic cr8_legacy abm sse4a misalignsse 3dnowprefetch osvw ibs skinit wdt tce topoext perfctr_core perfctr_nb bpext perfctr_llc mwaitx cpb cat_l3 cdp_l3 hw_pstate ssbd mba ibpb stibp vmmcall fsgsbase bmi1 avx2 smep bmi2 cqm rdt_a rdseed adx smap clflushopt clwb sha_ni xsaveopt xsavec xgetbv1 cqm_llc cqm_occup_llc cqm_mbm_total cqm_mbm_local clzero irperf xsaveerptr rdpru wbnoinvd arat npt lbrv svm_lock nrip_save tsc_scale vmcb_clean flushbyasid decodeassists pausefilter pfthreshold avic v_vmsave_vmload vgif v_spec_ctrl umip rdpid overflow_recov succor smca sme sev sev_es
bugs		: sysret_ss_attrs spectre_v1 spectre_v2 spec_store_bypass retbleed smt_rsb srso
bogomips	: 7186.60
TLB size	: 3072 4K pages
clflush size	: 64
cache_alignment	: 64
address sizes	: 43 bits physical, 48 bits virtual
power management: ts ttp tm hwpstate cpb eff_freq_ro [13] [14]

processor	: 13
vendor_id	: AuthenticAMD
cpu family	: 23
model		: 113
model name	: AMD Ryzen 7 3700X 8-Core Processor
stepping	: 0
microcode	: 0x8701021
cpu MHz		: 3600.000
cache size	: 512 KB
physical id	: 0
siblings	: 16
core id		: 5
cpu cores	: 8
apicid		: 11
initial apicid	: 11
fpu		: yes
fpu_exception	: yes
cpuid level	: 16
wp		: yes
flags		: fpu vme de pse tsc msr pae mce cx8 apic sep mtrr pge mca cmov pat pse36 clflush mmx fxsr sse sse2 ht syscall nx mmxext fxsr_opt pdpe1gb rdtscp lm constant_tsc rep_good nopl nonstop_tsc cpuid extd_apicid aperfmperf rapl pni pclmulqdq monitor ssse3 fma cx16 sse4_1 sse4_2 movbe popcnt aes xsave avx f16c rdrand lahf_lm cmp_legacy svm extapic cr8_legacy abm sse4a misalignsse 3dnowprefetch osvw ibs skinit wdt tce topoext perfctr_core perfctr_nb bpext perfctr_llc mwaitx cpb cat_l3 cdp_l3 hw_pstate ssbd mba ibpb stibp vmmcall fsgsbase bmi1 avx2 smep bmi2 cqm rdt_a rdseed adx smap clflushopt clwb sha_ni xsaveopt xsavec xgetbv1 cqm_llc cqm_occup_llc cqm_mbm_total cqm_mbm_local clzero irperf xsaveerptr rdpru wbnoinvd arat npt lbrv svm_lock nrip_save tsc_scale vmcb_clean flushbyasid decodeassists pausefilter pfthreshold avic v_vmsave_vmload vgif v_spec_ctrl umip rdpid overflow_recov succor smca sme sev sev_es
bugs		: sysret_ss_attrs spectre_v1 spectre_v2 spec_store_bypass retbleed smt_rsb srso
bogomips	: 7186.60
TLB size	: 3072 4K pages
clflush size	: 64
cache_alignment	: 64
address sizes	: 43 bits physical, 48 bits virtual
power management: ts ttp tm hwpstate cpb eff_freq_ro [13] [14]

processor	: 14
vendor_id	: AuthenticAMD
cpu family	: 23
model		: 113
model name	: AMD Ryzen 7 3700X 8-Core Processor
stepping	: 0
microcode	: 0x8701021
cpu MHz		: 3600.000
cache size	: 512 KB
physical id	: 0
siblings	: 16
core id		: 6
cpu cores	: 8
apicid		: 13
initial apicid	: 13
fpu		: yes
fpu_exception	: yes
cpuid level	: 16
wp		: yes
flags		: fpu vme de pse tsc msr pae mce cx8 apic sep mtrr pge mca cmov pat pse36 clflush mmx fxsr sse sse2 ht syscall nx mmxext fxsr_opt pdpe1gb rdtscp lm constant_tsc rep_good nopl nonstop_tsc cpuid extd_apicid aperfmperf rapl pni pclmulqdq monitor ssse3 fma cx16 sse4_1 sse4_2 movbe popcnt aes xsave avx f16c rdrand lahf_lm cmp_legacy svm extapic cr8_legacy abm sse4a misalignsse 3dnowprefetch osvw ibs skinit wdt tce topoext perfctr_core perfctr_nb bpext perfctr_llc mwaitx cpb cat_l3 cdp_l3 hw_pstate ssbd mba ibpb stibp vmmcall fsgsbase bmi1 avx2 smep bmi2 cqm rdt_a rdseed adx smap clflushopt clwb sha_ni xsaveopt xsavec xgetbv1 cqm_llc cqm_occup_llc cqm_mbm_total cqm_mbm_local clzero irperf xsaveerptr rdpru wbnoinvd arat npt lbrv svm_lock nrip_save tsc_scale vmcb_clean flushbyasid decodeassists pausefilter pfthreshold avic v_vmsave_vmload vgif v_spec_ctrl umip rdpid overflow_recov succor smca sme sev sev_es
bugs		: sysret_ss_attrs spectre_v1 spectre_v2 spec_store_bypass retbleed smt_rsb srso
bogomips	: 7186.60
TLB size	: 3072 4K pages
clflush size	: 64
cache_alignment	: 64
address sizes	: 43 bits physical, 48 bits virtual
power management: ts ttp tm hwpstate cpb eff_freq_ro [13] [14]

processor	: 15
vendor_id	: AuthenticAMD
cpu family	: 23
model		: 113
model name	: AMD Ryzen 7 3700X 8-Core Processor
stepping	: 0
microcode	: 0x8701021
cpu MHz		: 4176.910
cache size	: 512 KB
physical id	: 0
siblings	: 16
core id		: 7
cpu cores	: 8
apicid		: 15
initial apicid	: 15
fpu		: yes
fpu_exception	: yes
cpuid level	: 16
wp		: yes
flags		: fpu vme de pse tsc msr pae mce cx8 apic sep mtrr pge mca cmov pat pse36 clflush mmx fxsr sse sse2 ht syscall nx mmxext fxsr_opt pdpe1gb rdtscp lm constant_tsc rep_good nopl nonstop_tsc cpuid extd_apicid aperfmperf rapl pni pclmulqdq monitor ssse3 fma cx16 sse4_1 sse4_2 movbe popcnt aes xsave avx f16c rdrand lahf_lm cmp_legacy svm extapic cr8_legacy abm sse4a misalignsse 3dnowprefetch osvw ibs skinit wdt tce topoext perfctr_core perfctr_nb bpext perfctr_llc mwaitx cpb cat_l3 cdp_l3 hw_pstate ssbd mba ibpb stibp vmmcall fsgsbase bmi1 avx2 smep bmi2 cqm rdt_a rdseed adx smap clflushopt clwb sha_ni xsaveopt xsavec xgetbv1 cqm_llc cqm_occup_llc cqm_mbm_total cqm_mbm_local clzero irperf xsaveerptr rdpru wbnoinvd arat npt lbrv svm_lock nrip_save tsc_scale vmcb_clean flushbyasid decodeassists pausefilter pfthreshold avic v_vmsave_vmload vgif v_spec_ctrl umip rdpid overflow_recov succor smca sme sev sev_es
bugs		: sysret_ss_attrs spectre_v1 spectre_v2 spec_store_bypass retbleed smt_rsb srso
bogomips	: 7186.60
TLB size	: 3072 4K pages
clflush size	: 64
cache_alignment	: 64
address sizes	: 43 bits physical, 48 bits virtual
power management: ts ttp tm hwpstate cpb eff_freq_ro [13] [14]



Memory: 4k page, physical 131841852k(2769356k free), swap 999420k(984572k free)

vm_info: OpenJDK 64-Bit Server VM (25.312-b07) for linux-amd64 JRE (1.8.0_312-b07), built on Oct 19 2021 20:51:11 by "jenkins" with gcc 7.5.0

time: Mon Apr 22 11:53:57 2024
timezone: CEST
elapsed time: 4.394316 seconds (0d 0h 0m 4s)

