[05-12 21:38:00]: [INFO] Connection arguments loaded, Hikari ConnectionPool ready!
[05-12 21:38:00]: [INFO] The table for the MySQL connection exists!
[05-12 21:38:00]: [INFO] MySQL setup finished
[05-12 21:38:00]: [INFO] No supported permissions system found! Permissions are disabled!
[05-12 21:38:00]: [INFO] McPanelX 6.0.0-SNAPSHOT build n.CUSTOM successfully enabled!
[05-12 21:38:00]: [INFO] Downloading GEO IP database, because the old database is older than 30 days or doesn't exist
[05-12 21:38:00]: [WARN] No MaxMind credentials found in the configuration file! GeoIp protections will be disabled.
[05-12 21:38:00]: [INFO] There is no newer GEO IP database uploaded to MaxMind. Using the old one for now.
[05-12 21:38:00]: [INFO] [LICENSE] This product includes GeoLite2 data created by MaxMind, available at https://www.maxmind.com
[05-12 21:38:22]: [INFO] McPanelX 6.0.0-SNAPSHOT-bCUSTOM disabled!
[05-12 21:39:17]: [INFO] Connection arguments loaded, Hikari ConnectionPool ready!
[05-12 21:39:17]: [INFO] The table for the MySQL connection exists!
[05-12 21:39:17]: [INFO] MySQL setup finished
[05-12 21:39:17]: [INFO] No supported permissions system found! Permissions are disabled!
[05-12 21:39:17]: [INFO] McPanelX 6.0.0-SNAPSHOT build n.CUSTOM successfully enabled!
[05-12 21:39:17]: [INFO] Downloading GEO IP database, because the old database is older than 30 days or doesn't exist
[05-12 21:39:17]: [WARN] No MaxMind credentials found in the configuration file! GeoIp protections will be disabled.
[05-12 21:39:17]: [INFO] There is no newer GEO IP database uploaded to MaxMind. Using the old one for now.
[05-12 21:39:17]: [INFO] [LICENSE] This product includes GeoLite2 data created by MaxMind, available at https://www.maxmind.com
[05-12 21:43:32]: [INFO] Connection arguments loaded, Hikari ConnectionPool ready!
[05-12 21:43:32]: [INFO] The table for the MySQL connection exists!
[05-12 21:43:32]: [INFO] MySQL setup finished
[05-12 21:43:32]: [INFO] Hooked into LuckPerms!
[05-12 21:43:32]: [INFO] McPanelX 6.0.0-SNAPSHOT build n.CUSTOM successfully enabled!
[05-12 21:43:35]: [INFO] Downloading GEO IP database, because the old database is older than 30 days or doesn't exist
[05-12 21:43:35]: [WARN] No MaxMind credentials found in the configuration file! GeoIp protections will be disabled.
[05-12 21:43:35]: [INFO] There is no newer GEO IP database uploaded to MaxMind. Using the old one for now.
[05-12 21:43:35]: [INFO] [LICENSE] This product includes GeoLite2 data created by MaxMind, available at https://www.maxmind.com
[05-12 21:49:09]: [INFO] McPanelX 6.0.0-SNAPSHOT-bCUSTOM disabled!
[05-14 20:54:18]: [INFO] Connection arguments loaded, Hikari ConnectionPool ready!
[05-14 20:54:18]: [INFO] The table for the MySQL connection exists!
[05-14 20:54:18]: [INFO] MySQL setup finished
[05-14 20:54:18]: [INFO] Hooked into LuckPerms!
[05-14 20:54:19]: [INFO] McPanelX 6.0.0-SNAPSHOT build n.CUSTOM successfully enabled!
[05-14 20:54:22]: [INFO] Downloading GEO IP database, because the old database is older than 30 days or doesn't exist
[05-14 20:54:22]: [WARN] No MaxMind credentials found in the configuration file! GeoIp protections will be disabled.
[05-14 20:54:22]: [INFO] There is no newer GEO IP database uploaded to MaxMind. Using the old one for now.
[05-14 20:54:22]: [INFO] [LICENSE] This product includes GeoLite2 data created by MaxMind, available at https://www.maxmind.com
[05-14 20:59:22]: [INFO] McPanelX 6.0.0-SNAPSHOT-bCUSTOM disabled!
[05-14 20:59:45]: [INFO] Connection arguments loaded, Hikari ConnectionPool ready!
[05-14 20:59:45]: [INFO] The table for the MySQL connection exists!
[05-14 20:59:45]: [INFO] MySQL setup finished
[05-14 20:59:45]: [INFO] Hooked into LuckPerms!
[05-14 20:59:45]: [INFO] McPanelX 6.0.0-SNAPSHOT build n.CUSTOM successfully enabled!
[05-14 20:59:48]: [INFO] Downloading GEO IP database, because the old database is older than 30 days or doesn't exist
[05-14 20:59:48]: [WARN] No MaxMind credentials found in the configuration file! GeoIp protections will be disabled.
[05-14 20:59:48]: [INFO] There is no newer GEO IP database uploaded to MaxMind. Using the old one for now.
[05-14 20:59:48]: [INFO] [LICENSE] This product includes GeoLite2 data created by MaxMind, available at https://www.maxmind.com
[05-14 21:22:35]: [INFO] The user NaysKutzu has been automatically logged in, as requested via plugin messaging.
[05-14 21:22:35]: [FINE] NaysKutzu logged in 46.125.250.123
[05-14 21:23:02]: [FINE] NaysKutzu logged in 46.125.250.123
[05-14 21:23:03]: [INFO] The user NaysKutzu has been automatically logged in, as requested via plugin messaging.
[05-14 21:25:07]: [INFO] McPanelX 6.0.0-SNAPSHOT-bCUSTOM disabled!
[05-14 21:25:26]: [INFO] Connection arguments loaded, Hikari ConnectionPool ready!
[05-14 21:25:26]: [INFO] The table for the MySQL connection exists!
[05-14 21:25:26]: [INFO] MySQL setup finished
[05-14 21:25:26]: [INFO] Hooked into LuckPerms!
[05-14 21:25:26]: [INFO] McPanelX 6.0.0-SNAPSHOT build n.CUSTOM successfully enabled!
[05-14 21:25:29]: [INFO] Downloading GEO IP database, because the old database is older than 30 days or doesn't exist
[05-14 21:25:29]: [WARN] No MaxMind credentials found in the configuration file! GeoIp protections will be disabled.
[05-14 21:25:29]: [INFO] There is no newer GEO IP database uploaded to MaxMind. Using the old one for now.
[05-14 21:25:29]: [INFO] [LICENSE] This product includes GeoLite2 data created by MaxMind, available at https://www.maxmind.com
[05-14 21:25:52]: [FINE] NaysKutzu logged in 46.125.250.123
[05-14 21:25:52]: [INFO] The user NaysKutzu has been automatically logged in, as requested via plugin messaging.
[05-14 21:33:05]: [INFO] McPanelX 6.0.0-SNAPSHOT-bCUSTOM disabled!
[05-14 21:33:27]: [INFO] Connection arguments loaded, Hikari ConnectionPool ready!
[05-14 21:33:28]: [INFO] The table for the MySQL connection exists!
[05-14 21:33:28]: [INFO] MySQL setup finished
[05-14 21:33:28]: [INFO] Hooked into LuckPerms!
[05-14 21:33:28]: [INFO] McPanelX 6.0.0-SNAPSHOT build n.CUSTOM successfully enabled!
[05-14 21:33:31]: [INFO] Downloading GEO IP database, because the old database is older than 30 days or doesn't exist
[05-14 21:33:31]: [WARN] No MaxMind credentials found in the configuration file! GeoIp protections will be disabled.
[05-14 21:33:31]: [INFO] There is no newer GEO IP database uploaded to MaxMind. Using the old one for now.
[05-14 21:33:31]: [INFO] [LICENSE] This product includes GeoLite2 data created by MaxMind, available at https://www.maxmind.com
[05-14 21:36:26]: [FINE] NaysKutzu logged in 46.125.250.123
[05-14 21:36:26]: [INFO] The user NaysKutzu has been automatically logged in, as requested via plugin messaging.
[05-14 21:39:28]: [INFO] McPanelX 6.0.0-SNAPSHOT-bCUSTOM disabled!
[05-14 21:39:48]: [INFO] Connection arguments loaded, Hikari ConnectionPool ready!
[05-14 21:39:48]: [INFO] The table for the MySQL connection exists!
[05-14 21:39:48]: [INFO] MySQL setup finished
[05-14 21:39:48]: [INFO] Hooked into LuckPerms!
[05-14 21:39:49]: [INFO] McPanelX 6.0.0-SNAPSHOT build n.CUSTOM successfully enabled!
[05-14 21:39:52]: [INFO] Downloading GEO IP database, because the old database is older than 30 days or doesn't exist
[05-14 21:39:52]: [WARN] No MaxMind credentials found in the configuration file! GeoIp protections will be disabled.
[05-14 21:39:52]: [INFO] There is no newer GEO IP database uploaded to MaxMind. Using the old one for now.
[05-14 21:39:52]: [INFO] [LICENSE] This product includes GeoLite2 data created by MaxMind, available at https://www.maxmind.com
[05-14 21:39:59]: [FINE] NaysKutzu logged in 46.125.250.123
[05-14 21:39:59]: [INFO] The user NaysKutzu has been automatically logged in, as requested via plugin messaging.
[05-14 21:41:19]: [INFO] NaysKutzu logged out
[05-14 21:41:26]: [FINE] NaysKutzu logged in 46.125.250.123
[05-14 21:41:26]: [INFO] The user NaysKutzu has been automatically logged in, as requested via plugin messaging.
[05-14 21:43:24]: [INFO] McPanelX 6.0.0-SNAPSHOT-bCUSTOM disabled!
[05-14 21:43:44]: [INFO] Connection arguments loaded, Hikari ConnectionPool ready!
[05-14 21:43:44]: [INFO] The table for the MySQL connection exists!
[05-14 21:43:44]: [INFO] MySQL setup finished
[05-14 21:43:44]: [INFO] Hooked into LuckPerms!
[05-14 21:43:44]: [INFO] McPanelX 6.0.0-SNAPSHOT build n.CUSTOM successfully enabled!
[05-14 21:43:47]: [INFO] Downloading GEO IP database, because the old database is older than 30 days or doesn't exist
[05-14 21:43:47]: [WARN] No MaxMind credentials found in the configuration file! GeoIp protections will be disabled.
[05-14 21:43:47]: [INFO] There is no newer GEO IP database uploaded to MaxMind. Using the old one for now.
[05-14 21:43:47]: [INFO] [LICENSE] This product includes GeoLite2 data created by MaxMind, available at https://www.maxmind.com
[05-14 21:43:52]: [FINE] NaysKutzu logged in 46.125.250.123
[05-14 21:43:52]: [INFO] The user NaysKutzu has been automatically logged in, as requested via plugin messaging.
[05-14 21:45:22]: [INFO] McPanelX 6.0.0-SNAPSHOT-bCUSTOM disabled!
[05-14 21:45:42]: [INFO] Connection arguments loaded, Hikari ConnectionPool ready!
[05-14 21:45:42]: [INFO] The table for the MySQL connection exists!
[05-14 21:45:42]: [INFO] MySQL setup finished
[05-14 21:45:42]: [INFO] Hooked into LuckPerms!
[05-14 21:45:42]: [INFO] McPanelX 6.0.0-SNAPSHOT build n.CUSTOM successfully enabled!
[05-14 21:45:45]: [INFO] Downloading GEO IP database, because the old database is older than 30 days or doesn't exist
[05-14 21:45:45]: [WARN] No MaxMind credentials found in the configuration file! GeoIp protections will be disabled.
[05-14 21:45:45]: [INFO] There is no newer GEO IP database uploaded to MaxMind. Using the old one for now.
[05-14 21:45:45]: [INFO] [LICENSE] This product includes GeoLite2 data created by MaxMind, available at https://www.maxmind.com
[05-14 21:45:50]: [FINE] NaysKutzu logged in 46.125.250.123
[05-14 21:45:50]: [INFO] The user NaysKutzu has been automatically logged in, as requested via plugin messaging.
[05-14 21:47:00]: [INFO] McPanelX 6.0.0-SNAPSHOT-bCUSTOM disabled!
[05-14 21:47:20]: [INFO] Connection arguments loaded, Hikari ConnectionPool ready!
[05-14 21:47:20]: [INFO] The table for the MySQL connection exists!
[05-14 21:47:20]: [INFO] MySQL setup finished
[05-14 21:47:20]: [INFO] Hooked into LuckPerms!
[05-14 21:47:20]: [INFO] McPanelX 6.0.0-SNAPSHOT build n.CUSTOM successfully enabled!
[05-14 21:47:23]: [INFO] Downloading GEO IP database, because the old database is older than 30 days or doesn't exist
[05-14 21:47:23]: [WARN] No MaxMind credentials found in the configuration file! GeoIp protections will be disabled.
[05-14 21:47:23]: [INFO] There is no newer GEO IP database uploaded to MaxMind. Using the old one for now.
[05-14 21:47:23]: [INFO] [LICENSE] This product includes GeoLite2 data created by MaxMind, available at https://www.maxmind.com
[05-14 21:47:27]: [FINE] NaysKutzu logged in 46.125.250.123
[05-14 21:47:27]: [INFO] The user NaysKutzu has been automatically logged in, as requested via plugin messaging.
[05-14 21:49:04]: [INFO] McPanelX 6.0.0-SNAPSHOT-bCUSTOM disabled!
[05-14 21:49:24]: [INFO] Connection arguments loaded, Hikari ConnectionPool ready!
[05-14 21:49:25]: [INFO] The table for the MySQL connection exists!
[05-14 21:49:25]: [INFO] MySQL setup finished
[05-14 21:49:25]: [INFO] Hooked into LuckPerms!
[05-14 21:49:25]: [INFO] McPanelX 6.0.0-SNAPSHOT build n.CUSTOM successfully enabled!
[05-14 21:49:28]: [INFO] Downloading GEO IP database, because the old database is older than 30 days or doesn't exist
[05-14 21:49:28]: [WARN] No MaxMind credentials found in the configuration file! GeoIp protections will be disabled.
[05-14 21:49:28]: [INFO] There is no newer GEO IP database uploaded to MaxMind. Using the old one for now.
[05-14 21:49:28]: [INFO] [LICENSE] This product includes GeoLite2 data created by MaxMind, available at https://www.maxmind.com
[05-14 21:49:41]: [FINE] NaysKutzu logged in 46.125.250.123
[05-14 21:49:41]: [INFO] The user NaysKutzu has been automatically logged in, as requested via plugin messaging.
[05-14 21:55:01]: [INFO] McPanelX 6.0.0-SNAPSHOT-bCUSTOM disabled!
[05-14 21:55:19]: [INFO] Connection arguments loaded, Hikari ConnectionPool ready!
[05-14 21:55:19]: [INFO] The table for the MySQL connection exists!
[05-14 21:55:19]: [INFO] MySQL setup finished
[05-14 21:55:19]: [INFO] Hooked into LuckPerms!
[05-14 21:55:19]: [INFO] McPanelX 6.0.0-SNAPSHOT build n.CUSTOM successfully enabled!
[05-14 21:55:22]: [INFO] Downloading GEO IP database, because the old database is older than 30 days or doesn't exist
[05-14 21:55:22]: [WARN] No MaxMind credentials found in the configuration file! GeoIp protections will be disabled.
[05-14 21:55:22]: [INFO] There is no newer GEO IP database uploaded to MaxMind. Using the old one for now.
[05-14 21:55:22]: [INFO] [LICENSE] This product includes GeoLite2 data created by MaxMind, available at https://www.maxmind.com
[05-14 21:55:23]: [INFO] The user NaysKutzu has been automatically logged in, as requested via plugin messaging.
[05-14 21:55:23]: [FINE] NaysKutzu logged in 46.125.250.123
[05-14 21:58:32]: [INFO] Connection arguments loaded, Hikari ConnectionPool ready!
[05-14 21:58:32]: [INFO] The table for the MySQL connection exists!
[05-14 21:58:32]: [INFO] MySQL setup finished
[05-14 21:58:32]: [INFO] Hooked into LuckPerms!
[05-14 21:58:32]: [INFO] McPanelX 6.0.0-SNAPSHOT build n.CUSTOM successfully enabled!
[05-14 21:58:35]: [INFO] Downloading GEO IP database, because the old database is older than 30 days or doesn't exist
[05-14 21:58:35]: [WARN] No MaxMind credentials found in the configuration file! GeoIp protections will be disabled.
[05-14 21:58:35]: [INFO] There is no newer GEO IP database uploaded to MaxMind. Using the old one for now.
[05-14 21:58:35]: [INFO] [LICENSE] This product includes GeoLite2 data created by MaxMind, available at https://www.maxmind.com
[05-14 21:58:47]: [FINE] NaysKutzu logged in 46.125.250.123
[05-14 21:58:47]: [INFO] The user NaysKutzu has been automatically logged in, as requested via plugin messaging.
[05-14 22:00:46]: [INFO] Connection arguments loaded, Hikari ConnectionPool ready!
[05-14 22:00:46]: [INFO] The table for the MySQL connection exists!
[05-14 22:00:46]: [INFO] MySQL setup finished
[05-14 22:00:46]: [INFO] Hooked into LuckPerms!
[05-14 22:00:46]: [INFO] McPanelX 6.0.0-SNAPSHOT build n.CUSTOM successfully enabled!
[05-14 22:00:49]: [INFO] Downloading GEO IP database, because the old database is older than 30 days or doesn't exist
[05-14 22:00:49]: [WARN] No MaxMind credentials found in the configuration file! GeoIp protections will be disabled.
[05-14 22:00:49]: [INFO] There is no newer GEO IP database uploaded to MaxMind. Using the old one for now.
[05-14 22:00:49]: [INFO] [LICENSE] This product includes GeoLite2 data created by MaxMind, available at https://www.maxmind.com
[05-14 22:00:57]: [FINE] NaysKutzu logged in 46.125.250.123
[05-14 22:00:57]: [INFO] The user NaysKutzu has been automatically logged in, as requested via plugin messaging.
[05-14 22:01:45]: [INFO] Connection arguments loaded, Hikari ConnectionPool ready!
[05-14 22:01:45]: [INFO] The table for the MySQL connection exists!
[05-14 22:01:45]: [INFO] MySQL setup finished
[05-14 22:01:45]: [INFO] Hooked into LuckPerms!
[05-14 22:01:45]: [INFO] McPanelX 6.0.0-SNAPSHOT build n.CUSTOM successfully enabled!
[05-14 22:01:48]: [INFO] Downloading GEO IP database, because the old database is older than 30 days or doesn't exist
[05-14 22:01:48]: [WARN] No MaxMind credentials found in the configuration file! GeoIp protections will be disabled.
[05-14 22:01:48]: [INFO] There is no newer GEO IP database uploaded to MaxMind. Using the old one for now.
[05-14 22:01:48]: [INFO] [LICENSE] This product includes GeoLite2 data created by MaxMind, available at https://www.maxmind.com
[05-14 22:02:01]: [INFO] The user NaysKutzu has been automatically logged in, as requested via plugin messaging.
[05-14 22:02:01]: [FINE] NaysKutzu logged in 46.125.250.123
[05-14 22:12:01]: [INFO] Connection arguments loaded, Hikari ConnectionPool ready!
[05-14 22:12:01]: [INFO] The table for the MySQL connection exists!
[05-14 22:12:01]: [INFO] MySQL setup finished
[05-14 22:12:01]: [INFO] Hooked into LuckPerms!
[05-14 22:12:01]: [INFO] McPanelX 6.0.0-SNAPSHOT build n.CUSTOM successfully enabled!
[05-14 22:12:05]: [INFO] Downloading GEO IP database, because the old database is older than 30 days or doesn't exist
[05-14 22:12:05]: [WARN] No MaxMind credentials found in the configuration file! GeoIp protections will be disabled.
[05-14 22:12:05]: [INFO] There is no newer GEO IP database uploaded to MaxMind. Using the old one for now.
[05-14 22:12:05]: [INFO] [LICENSE] This product includes GeoLite2 data created by MaxMind, available at https://www.maxmind.com
[05-14 22:12:10]: [FINE] NaysKutzu logged in 46.125.250.123
[05-14 22:12:10]: [INFO] The user NaysKutzu has been automatically logged in, as requested via plugin messaging.
[05-14 22:23:08]: [INFO] Connection arguments loaded, Hikari ConnectionPool ready!
[05-14 22:23:08]: [INFO] The table for the MySQL connection exists!
[05-14 22:23:08]: [INFO] MySQL setup finished
[05-14 22:23:08]: [INFO] Hooked into LuckPerms!
[05-14 22:23:08]: [INFO] McPanelX 6.0.0-SNAPSHOT build n.CUSTOM successfully enabled!
[05-14 22:23:11]: [INFO] Downloading GEO IP database, because the old database is older than 30 days or doesn't exist
[05-14 22:23:11]: [WARN] No MaxMind credentials found in the configuration file! GeoIp protections will be disabled.
[05-14 22:23:11]: [INFO] There is no newer GEO IP database uploaded to MaxMind. Using the old one for now.
[05-14 22:23:11]: [INFO] [LICENSE] This product includes GeoLite2 data created by MaxMind, available at https://www.maxmind.com
[05-14 23:02:22]: [INFO] Connection arguments loaded, Hikari ConnectionPool ready!
[05-14 23:02:22]: [INFO] The table for the MySQL connection exists!
[05-14 23:02:22]: [INFO] MySQL setup finished
[05-14 23:02:22]: [INFO] Hooked into LuckPerms!
[05-14 23:02:22]: [WARN] Note: Hooks.bungeecord is set to true but your server appears to be running in non-bungeecord mode (see your spigot.yml). In order to prevent untrusted payload attack, BungeeCord hook will be automatically disabled!
[05-14 23:02:22]: [INFO] McPanelX 6.0.0-SNAPSHOT build n.CUSTOM successfully enabled!
[05-14 23:02:23]: [INFO] Downloading GEO IP database, because the old database is older than 30 days or doesn't exist
[05-14 23:02:23]: [WARN] No MaxMind credentials found in the configuration file! GeoIp protections will be disabled.
[05-14 23:02:23]: [INFO] There is no newer GEO IP database uploaded to MaxMind. Using the old one for now.
[05-14 23:02:23]: [INFO] [LICENSE] This product includes GeoLite2 data created by MaxMind, available at https://www.maxmind.com
[05-14 23:09:16]: [INFO] McPanelX 6.0.0-SNAPSHOT-bCUSTOM disabled!
[05-14 23:09:28]: [INFO] Connection arguments loaded, Hikari ConnectionPool ready!
[05-14 23:09:28]: [INFO] The table for the MySQL connection exists!
[05-14 23:09:28]: [INFO] MySQL setup finished
[05-14 23:09:28]: [INFO] Hooked into LuckPerms!
[05-14 23:09:28]: [WARN] Note: Hooks.bungeecord is set to true but your server appears to be running in non-bungeecord mode (see your spigot.yml). In order to prevent untrusted payload attack, BungeeCord hook will be automatically disabled!
[05-14 23:09:28]: [INFO] McPanelX 6.0.0-SNAPSHOT build n.CUSTOM successfully enabled!
[05-14 23:09:29]: [INFO] Downloading GEO IP database, because the old database is older than 30 days or doesn't exist
[05-14 23:09:29]: [WARN] No MaxMind credentials found in the configuration file! GeoIp protections will be disabled.
[05-14 23:09:29]: [INFO] There is no newer GEO IP database uploaded to MaxMind. Using the old one for now.
[05-14 23:09:29]: [INFO] [LICENSE] This product includes GeoLite2 data created by MaxMind, available at https://www.maxmind.com
[05-14 23:11:35]: [INFO] McPanelX 6.0.0-SNAPSHOT-bCUSTOM disabled!
[05-14 23:11:45]: [INFO] Connection arguments loaded, Hikari ConnectionPool ready!
[05-14 23:11:45]: [INFO] The table for the MySQL connection exists!
[05-14 23:11:45]: [INFO] MySQL setup finished
[05-14 23:11:46]: [INFO] Hooked into LuckPerms!
[05-14 23:11:46]: [WARN] Note: Hooks.bungeecord is set to true but your server appears to be running in non-bungeecord mode (see your spigot.yml). In order to prevent untrusted payload attack, BungeeCord hook will be automatically disabled!
[05-14 23:11:46]: [INFO] McPanelX 6.0.0-SNAPSHOT build n.CUSTOM successfully enabled!
[05-14 23:11:46]: [INFO] Downloading GEO IP database, because the old database is older than 30 days or doesn't exist
[05-14 23:11:46]: [WARN] No MaxMind credentials found in the configuration file! GeoIp protections will be disabled.
[05-14 23:11:46]: [INFO] There is no newer GEO IP database uploaded to MaxMind. Using the old one for now.
[05-14 23:11:46]: [INFO] [LICENSE] This product includes GeoLite2 data created by MaxMind, available at https://www.maxmind.com
[05-14 23:12:26]: [FINE] NaysKutzu logged in 46.125.250.123
[05-14 23:13:42]: [INFO] McPanelX 6.0.0-SNAPSHOT-bCUSTOM disabled!
[05-14 23:14:21]: [INFO] Connection arguments loaded, Hikari ConnectionPool ready!
[05-14 23:14:22]: [INFO] The table for the MySQL connection exists!
[05-14 23:14:22]: [INFO] MySQL setup finished
[05-14 23:14:22]: [INFO] Hooked into LuckPerms!
[05-14 23:14:22]: [WARN] Note: Hooks.bungeecord is set to true but your server appears to be running in non-bungeecord mode (see your spigot.yml). In order to prevent untrusted payload attack, BungeeCord hook will be automatically disabled!
[05-14 23:14:22]: [INFO] McPanelX 6.0.0-SNAPSHOT build n.CUSTOM successfully enabled!
[05-14 23:14:22]: [INFO] Downloading GEO IP database, because the old database is older than 30 days or doesn't exist
[05-14 23:14:22]: [WARN] No MaxMind credentials found in the configuration file! GeoIp protections will be disabled.
[05-14 23:14:22]: [INFO] There is no newer GEO IP database uploaded to MaxMind. Using the old one for now.
[05-14 23:14:22]: [INFO] [LICENSE] This product includes GeoLite2 data created by MaxMind, available at https://www.maxmind.com
[05-14 23:14:29]: [FINE] NaysKutzu logged in 46.125.250.123
[05-14 23:15:27]: [INFO] McPanelX 6.0.0-SNAPSHOT-bCUSTOM disabled!
[05-14 23:16:05]: [INFO] Connection arguments loaded, Hikari ConnectionPool ready!
[05-14 23:16:05]: [INFO] The table for the MySQL connection exists!
[05-14 23:16:05]: [INFO] MySQL setup finished
[05-14 23:16:05]: [INFO] Hooked into LuckPerms!
[05-14 23:16:05]: [WARN] Note: Hooks.bungeecord is set to true but your server appears to be running in non-bungeecord mode (see your spigot.yml). In order to prevent untrusted payload attack, BungeeCord hook will be automatically disabled!
[05-14 23:16:05]: [INFO] McPanelX 6.0.0-SNAPSHOT build n.CUSTOM successfully enabled!
[05-14 23:16:06]: [INFO] Downloading GEO IP database, because the old database is older than 30 days or doesn't exist
[05-14 23:16:06]: [WARN] No MaxMind credentials found in the configuration file! GeoIp protections will be disabled.
[05-14 23:16:06]: [INFO] There is no newer GEO IP database uploaded to MaxMind. Using the old one for now.
[05-14 23:16:06]: [INFO] [LICENSE] This product includes GeoLite2 data created by MaxMind, available at https://www.maxmind.com
[05-14 23:16:19]: [FINE] NaysKutzu logged in 46.125.250.123
[05-14 23:19:34]: [INFO] McPanelX 6.0.0-SNAPSHOT-bCUSTOM disabled!
[05-14 23:19:51]: [INFO] Connection arguments loaded, Hikari ConnectionPool ready!
[05-14 23:19:51]: [INFO] The table for the MySQL connection exists!
[05-14 23:19:51]: [INFO] MySQL setup finished
[05-14 23:19:51]: [INFO] Hooked into LuckPerms!
[05-14 23:19:51]: [WARN] Note: Hooks.bungeecord is set to true but your server appears to be running in non-bungeecord mode (see your spigot.yml). In order to prevent untrusted payload attack, BungeeCord hook will be automatically disabled!
[05-14 23:19:51]: [INFO] McPanelX 6.0.0-SNAPSHOT build n.CUSTOM successfully enabled!
[05-14 23:19:52]: [INFO] Downloading GEO IP database, because the old database is older than 30 days or doesn't exist
[05-14 23:19:52]: [WARN] No MaxMind credentials found in the configuration file! GeoIp protections will be disabled.
[05-14 23:19:52]: [INFO] There is no newer GEO IP database uploaded to MaxMind. Using the old one for now.
[05-14 23:19:52]: [INFO] [LICENSE] This product includes GeoLite2 data created by MaxMind, available at https://www.maxmind.com
[05-14 23:20:02]: [FINE] NaysKutzu logged in 46.125.250.123
[05-14 23:21:22]: [FINE] NaysKutzu logged in 46.125.250.123
